{"/Volumes/Mac HD Data/INFORMATIKA/SEMESTER 5/PBKK/x02-final-project-Sh3nm/backend/src/app.controller.ts": {"path":"/Volumes/Mac HD Data/INFORMATIKA/SEMESTER 5/PBKK/x02-final-project-Sh3nm/backend/src/app.controller.ts","statementMap":{"0":{"start":{"line":1,"column":0},"end":{"line":1,"column":49}},"1":{"start":{"line":2,"column":0},"end":{"line":2,"column":43}},"2":{"start":{"line":5,"column":7},"end":{"line":12,"column":null}},"3":{"start":{"line":6,"column":31},"end":{"line":6,"column":43}},"4":{"start":{"line":10,"column":4},"end":{"line":10,"column":38}},"5":{"start":{"line":5,"column":13},"end":{"line":5,"column":26}},"6":{"start":{"line":9,"column":2},"end":{"line":11,"column":null}},"7":{"start":{"line":5,"column":13},"end":{"line":12,"column":null}}},"fnMap":{"0":{"name":"(anonymous_2)","decl":{"start":{"line":6,"column":2},"end":{"line":6,"column":31}},"loc":{"start":{"line":6,"column":53},"end":{"line":6,"column":57}}},"1":{"name":"(anonymous_3)","decl":{"start":{"line":9,"column":2},"end":{"line":9,"column":10}},"loc":{"start":{"line":9,"column":10},"end":{"line":11,"column":3}}}},"branchMap":{"0":{"loc":{"start":{"line":6,"column":43},"end":{"line":6,"column":56}},"type":"cond-expr","locations":[{"start":{"line":6,"column":53},"end":{"line":6,"column":56}},{"start":{"line":6,"column":53},"end":{"line":6,"column":56}}]},"1":{"loc":{"start":{"line":6,"column":43},"end":{"line":6,"column":53}},"type":"binary-expr","locations":[{"start":{"line":6,"column":43},"end":{"line":6,"column":56}},{"start":{"line":6,"column":43},"end":{"line":6,"column":53}}]}},"s":{"0":1,"1":1,"2":1,"3":1,"4":0,"5":1,"6":1,"7":1},"f":{"0":1,"1":0},"b":{"0":[1,0],"1":[1,1]}}
,"/Volumes/Mac HD Data/INFORMATIKA/SEMESTER 5/PBKK/x02-final-project-Sh3nm/backend/src/app.service.ts": {"path":"/Volumes/Mac HD Data/INFORMATIKA/SEMESTER 5/PBKK/x02-final-project-Sh3nm/backend/src/app.service.ts","statementMap":{"0":{"start":{"line":1,"column":0},"end":{"line":1,"column":44}},"1":{"start":{"line":4,"column":7},"end":{"line":8,"column":null}},"2":{"start":{"line":6,"column":4},"end":{"line":6,"column":26}},"3":{"start":{"line":4,"column":13},"end":{"line":4,"column":23}},"4":{"start":{"line":4,"column":13},"end":{"line":8,"column":null}}},"fnMap":{"0":{"name":"(anonymous_1)","decl":{"start":{"line":5,"column":2},"end":{"line":5,"column":10}},"loc":{"start":{"line":5,"column":10},"end":{"line":7,"column":3}}}},"branchMap":{},"s":{"0":1,"1":1,"2":0,"3":1,"4":1},"f":{"0":0},"b":{}}
,"/Volumes/Mac HD Data/INFORMATIKA/SEMESTER 5/PBKK/x02-final-project-Sh3nm/backend/src/prisma.service.ts": {"path":"/Volumes/Mac HD Data/INFORMATIKA/SEMESTER 5/PBKK/x02-final-project-Sh3nm/backend/src/prisma.service.ts","statementMap":{"0":{"start":{"line":1,"column":0},"end":{"line":1,"column":75}},"1":{"start":{"line":2,"column":0},"end":{"line":2,"column":46}},"2":{"start":{"line":3,"column":0},"end":{"line":3,"column":46}},"3":{"start":{"line":4,"column":0},"end":{"line":4,"column":26}},"4":{"start":{"line":7,"column":7},"end":{"line":31,"column":null}},"5":{"start":{"line":9,"column":17},"end":{"line":16,"column":6}},"6":{"start":{"line":17,"column":20},"end":{"line":17,"column":38}},"7":{"start":{"line":18,"column":4},"end":{"line":21,"column":7}},"8":{"start":{"line":25,"column":4},"end":{"line":25,"column":26}},"9":{"start":{"line":29,"column":4},"end":{"line":29,"column":29}},"10":{"start":{"line":7,"column":13},"end":{"line":7,"column":26}},"11":{"start":{"line":7,"column":13},"end":{"line":31,"column":null}}},"fnMap":{"0":{"name":"(anonymous_2)","decl":{"start":{"line":8,"column":2},"end":{"line":8,"column":null}},"loc":{"start":{"line":8,"column":2},"end":{"line":22,"column":3}}},"1":{"name":"(anonymous_3)","decl":{"start":{"line":24,"column":2},"end":{"line":24,"column":7}},"loc":{"start":{"line":24,"column":20},"end":{"line":26,"column":3}}},"2":{"name":"(anonymous_4)","decl":{"start":{"line":28,"column":2},"end":{"line":28,"column":7}},"loc":{"start":{"line":28,"column":23},"end":{"line":30,"column":3}}}},"branchMap":{},"s":{"0":1,"1":1,"2":1,"3":1,"4":1,"5":5,"6":5,"7":5,"8":5,"9":5,"10":1,"11":1},"f":{"0":5,"1":5,"2":5},"b":{}}
,"/Volumes/Mac HD Data/INFORMATIKA/SEMESTER 5/PBKK/x02-final-project-Sh3nm/backend/src/appointments/appointments.controller.ts": {"path":"/Volumes/Mac HD Data/INFORMATIKA/SEMESTER 5/PBKK/x02-final-project-Sh3nm/backend/src/appointments/appointments.controller.ts","statementMap":{"0":{"start":{"line":1,"column":0},"end":{"line":1,"column":100}},"1":{"start":{"line":2,"column":0},"end":{"line":2,"column":61}},"2":{"start":{"line":3,"column":0},"end":{"line":3,"column":54}},"3":{"start":{"line":4,"column":0},"end":{"line":4,"column":65}},"4":{"start":{"line":5,"column":0},"end":{"line":5,"column":50}},"5":{"start":{"line":6,"column":0},"end":{"line":6,"column":51}},"6":{"start":{"line":7,"column":0},"end":{"line":7,"column":68}},"7":{"start":{"line":8,"column":0},"end":{"line":8,"column":58}},"8":{"start":{"line":9,"column":0},"end":{"line":9,"column":38}},"9":{"start":{"line":10,"column":0},"end":{"line":10,"column":52}},"10":{"start":{"line":14,"column":7},"end":{"line":74,"column":null}},"11":{"start":{"line":15,"column":31},"end":{"line":15,"column":52}},"12":{"start":{"line":23,"column":4},"end":{"line":23,"column":75}},"13":{"start":{"line":33,"column":4},"end":{"line":33,"column":69}},"14":{"start":{"line":43,"column":4},"end":{"line":45,"column":5}},"15":{"start":{"line":44,"column":8},"end":{"line":44,"column":72}},"16":{"start":{"line":47,"column":4},"end":{"line":47,"column":88}},"17":{"start":{"line":60,"column":4},"end":{"line":60,"column":81}},"18":{"start":{"line":72,"column":4},"end":{"line":72,"column":68}},"19":{"start":{"line":14,"column":13},"end":{"line":14,"column":35}},"20":{"start":{"line":22,"column":2},"end":{"line":25,"column":null}},"21":{"start":{"line":32,"column":2},"end":{"line":34,"column":null}},"22":{"start":{"line":41,"column":2},"end":{"line":48,"column":null}},"23":{"start":{"line":55,"column":2},"end":{"line":61,"column":null}},"24":{"start":{"line":68,"column":2},"end":{"line":73,"column":null}},"25":{"start":{"line":14,"column":13},"end":{"line":74,"column":null}}},"fnMap":{"0":{"name":"(anonymous_4)","decl":{"start":{"line":15,"column":2},"end":{"line":15,"column":31}},"loc":{"start":{"line":15,"column":71},"end":{"line":15,"column":75}}},"1":{"name":"(anonymous_5)","decl":{"start":{"line":22,"column":2},"end":{"line":22,"column":8}},"loc":{"start":{"line":22,"column":85},"end":{"line":25,"column":3}}},"2":{"name":"(anonymous_6)","decl":{"start":{"line":32,"column":2},"end":{"line":32,"column":24}},"loc":{"start":{"line":32,"column":49},"end":{"line":34,"column":3}}},"3":{"name":"(anonymous_7)","decl":{"start":{"line":41,"column":2},"end":{"line":41,"column":23}},"loc":{"start":{"line":41,"column":48},"end":{"line":48,"column":3}}},"4":{"name":"(anonymous_8)","decl":{"start":{"line":55,"column":2},"end":{"line":55,"column":14}},"loc":{"start":{"line":58,"column":44},"end":{"line":61,"column":3}}},"5":{"name":"(anonymous_9)","decl":{"start":{"line":68,"column":2},"end":{"line":68,"column":19}},"loc":{"start":{"line":70,"column":28},"end":{"line":73,"column":3}}}},"branchMap":{"0":{"loc":{"start":{"line":43,"column":4},"end":{"line":45,"column":5}},"type":"if","locations":[{"start":{"line":43,"column":4},"end":{"line":45,"column":5}},{"start":{},"end":{}}]},"1":{"loc":{"start":{"line":22,"column":26},"end":{"line":22,"column":36}},"type":"cond-expr","locations":[{"start":{"line":22,"column":33},"end":{"line":22,"column":36}},{"start":{"line":22,"column":33},"end":{"line":22,"column":36}}]},"2":{"loc":{"start":{"line":22,"column":26},"end":{"line":22,"column":33}},"type":"binary-expr","locations":[{"start":{"line":22,"column":26},"end":{"line":22,"column":36}},{"start":{"line":22,"column":26},"end":{"line":22,"column":33}}]},"3":{"loc":{"start":{"line":22,"column":33},"end":{"line":22,"column":null}},"type":"cond-expr","locations":[{"start":{"line":22,"column":85},"end":{"line":22,"column":null}},{"start":{"line":22,"column":85},"end":{"line":22,"column":null}}]},"4":{"loc":{"start":{"line":22,"column":33},"end":{"line":22,"column":85}},"type":"binary-expr","locations":[{"start":{"line":22,"column":33},"end":{"line":22,"column":null}},{"start":{"line":22,"column":65},"end":{"line":22,"column":85}}]},"5":{"loc":{"start":{"line":32,"column":42},"end":{"line":32,"column":null}},"type":"cond-expr","locations":[{"start":{"line":32,"column":49},"end":{"line":32,"column":null}},{"start":{"line":32,"column":49},"end":{"line":32,"column":null}}]},"6":{"loc":{"start":{"line":32,"column":42},"end":{"line":32,"column":49}},"type":"binary-expr","locations":[{"start":{"line":32,"column":42},"end":{"line":32,"column":null}},{"start":{"line":32,"column":42},"end":{"line":32,"column":49}}]},"7":{"loc":{"start":{"line":41,"column":41},"end":{"line":41,"column":null}},"type":"cond-expr","locations":[{"start":{"line":41,"column":48},"end":{"line":41,"column":null}},{"start":{"line":41,"column":48},"end":{"line":41,"column":null}}]},"8":{"loc":{"start":{"line":41,"column":41},"end":{"line":41,"column":48}},"type":"binary-expr","locations":[{"start":{"line":41,"column":41},"end":{"line":41,"column":null}},{"start":{"line":41,"column":41},"end":{"line":41,"column":48}}]},"9":{"loc":{"start":{"line":57,"column":21},"end":{"line":57,"column":null}},"type":"cond-expr","locations":[{"start":{"line":57,"column":28},"end":{"line":57,"column":null}},{"start":{"line":57,"column":28},"end":{"line":57,"column":null}}]},"10":{"loc":{"start":{"line":57,"column":21},"end":{"line":57,"column":28}},"type":"binary-expr","locations":[{"start":{"line":57,"column":21},"end":{"line":57,"column":null}},{"start":{"line":57,"column":21},"end":{"line":57,"column":28}}]},"11":{"loc":{"start":{"line":57,"column":28},"end":{"line":58,"column":null}},"type":"cond-expr","locations":[{"start":{"line":58,"column":44},"end":{"line":58,"column":null}},{"start":{"line":58,"column":44},"end":{"line":58,"column":null}}]},"12":{"loc":{"start":{"line":57,"column":28},"end":{"line":58,"column":44}},"type":"binary-expr","locations":[{"start":{"line":57,"column":28},"end":{"line":58,"column":null}},{"start":{"line":58,"column":29},"end":{"line":58,"column":44}}]},"13":{"loc":{"start":{"line":70,"column":21},"end":{"line":70,"column":null}},"type":"cond-expr","locations":[{"start":{"line":70,"column":28},"end":{"line":70,"column":null}},{"start":{"line":70,"column":28},"end":{"line":70,"column":null}}]},"14":{"loc":{"start":{"line":70,"column":21},"end":{"line":70,"column":28}},"type":"binary-expr","locations":[{"start":{"line":70,"column":21},"end":{"line":70,"column":null}},{"start":{"line":70,"column":21},"end":{"line":70,"column":28}}]},"15":{"loc":{"start":{"line":15,"column":52},"end":{"line":15,"column":74}},"type":"cond-expr","locations":[{"start":{"line":15,"column":71},"end":{"line":15,"column":74}},{"start":{"line":15,"column":71},"end":{"line":15,"column":74}}]},"16":{"loc":{"start":{"line":15,"column":52},"end":{"line":15,"column":71}},"type":"binary-expr","locations":[{"start":{"line":15,"column":52},"end":{"line":15,"column":74}},{"start":{"line":15,"column":52},"end":{"line":15,"column":71}}]}},"s":{"0":1,"1":1,"2":1,"3":1,"4":1,"5":1,"6":1,"7":1,"8":1,"9":1,"10":1,"11":1,"12":11,"13":1,"14":1,"15":1,"16":0,"17":7,"18":1,"19":1,"20":1,"21":1,"22":1,"23":1,"24":1,"25":1},"f":{"0":1,"1":11,"2":1,"3":1,"4":7,"5":1},"b":{"0":[1,0],"1":[0,1],"2":[1,0],"3":[1,0],"4":[1,1],"5":[0,1],"6":[1,0],"7":[0,1],"8":[1,0],"9":[0,1],"10":[1,0],"11":[1,0],"12":[1,1],"13":[0,1],"14":[1,0],"15":[1,0],"16":[1,1]}}
,"/Volumes/Mac HD Data/INFORMATIKA/SEMESTER 5/PBKK/x02-final-project-Sh3nm/backend/src/appointments/appointments.service.ts": {"path":"/Volumes/Mac HD Data/INFORMATIKA/SEMESTER 5/PBKK/x02-final-project-Sh3nm/backend/src/appointments/appointments.service.ts","statementMap":{"0":{"start":{"line":1,"column":0},"end":{"line":1,"column":104}},"1":{"start":{"line":2,"column":0},"end":{"line":2,"column":50}},"2":{"start":{"line":5,"column":0},"end":{"line":5,"column":70}},"3":{"start":{"line":6,"column":0},"end":{"line":6,"column":51}},"4":{"start":{"line":9,"column":7},"end":{"line":170,"column":null}},"5":{"start":{"line":11,"column":12},"end":{"line":11,"column":20}},"6":{"start":{"line":12,"column":12},"end":{"line":12,"column":25}},"7":{"start":{"line":17,"column":42},"end":{"line":17,"column":46}},"8":{"start":{"line":20,"column":26},"end":{"line":20,"column":51}},"9":{"start":{"line":23,"column":30},"end":{"line":26,"column":6}},"10":{"start":{"line":28,"column":4},"end":{"line":30,"column":5}},"11":{"start":{"line":29,"column":6},"end":{"line":29,"column":66}},"12":{"start":{"line":31,"column":4},"end":{"line":33,"column":5}},"13":{"start":{"line":32,"column":6},"end":{"line":32,"column":61}},"14":{"start":{"line":38,"column":4},"end":{"line":40,"column":5}},"15":{"start":{"line":39,"column":6},"end":{"line":39,"column":85}},"16":{"start":{"line":43,"column":32},"end":{"line":50,"column":6}},"17":{"start":{"line":52,"column":4},"end":{"line":56,"column":5}},"18":{"start":{"line":53,"column":6},"end":{"line":55,"column":8}},"19":{"start":{"line":59,"column":27},"end":{"line":70,"column":6}},"20":{"start":{"line":73,"column":4},"end":{"line":77,"column":6}},"21":{"start":{"line":80,"column":4},"end":{"line":80,"column":26}},"22":{"start":{"line":85,"column":4},"end":{"line":89,"column":7}},"23":{"start":{"line":94,"column":4},"end":{"line":98,"column":7}},"24":{"start":{"line":108,"column":4},"end":{"line":110,"column":5}},"25":{"start":{"line":109,"column":8},"end":{"line":109,"column":103}},"26":{"start":{"line":112,"column":24},"end":{"line":114,"column":6}},"27":{"start":{"line":116,"column":4},"end":{"line":118,"column":5}},"28":{"start":{"line":117,"column":6},"end":{"line":117,"column":65}},"29":{"start":{"line":120,"column":4},"end":{"line":122,"column":5}},"30":{"start":{"line":121,"column":8},"end":{"line":121,"column":84}},"31":{"start":{"line":124,"column":4},"end":{"line":127,"column":7}},"32":{"start":{"line":135,"column":24},"end":{"line":137,"column":6}},"33":{"start":{"line":139,"column":4},"end":{"line":141,"column":5}},"34":{"start":{"line":140,"column":6},"end":{"line":140,"column":65}},"35":{"start":{"line":144,"column":4},"end":{"line":146,"column":5}},"36":{"start":{"line":145,"column":6},"end":{"line":145,"column":97}},"37":{"start":{"line":149,"column":4},"end":{"line":151,"column":5}},"38":{"start":{"line":150,"column":6},"end":{"line":150,"column":101}},"39":{"start":{"line":154,"column":28},"end":{"line":154,"column":54}},"40":{"start":{"line":155,"column":16},"end":{"line":155,"column":26}},"41":{"start":{"line":156,"column":21},"end":{"line":156,"column":62}},"42":{"start":{"line":157,"column":22},"end":{"line":157,"column":49}},"43":{"start":{"line":159,"column":4},"end":{"line":163,"column":5}},"44":{"start":{"line":160,"column":6},"end":{"line":162,"column":8}},"45":{"start":{"line":165,"column":4},"end":{"line":168,"column":7}},"46":{"start":{"line":9,"column":13},"end":{"line":9,"column":32}},"47":{"start":{"line":9,"column":13},"end":{"line":170,"column":null}}},"fnMap":{"0":{"name":"(anonymous_2)","decl":{"start":{"line":10,"column":2},"end":{"line":10,"column":null}},"loc":{"start":{"line":12,"column":36},"end":{"line":13,"column":4}}},"1":{"name":"(anonymous_3)","decl":{"start":{"line":16,"column":2},"end":{"line":16,"column":7}},"loc":{"start":{"line":16,"column":60},"end":{"line":81,"column":3}}},"2":{"name":"(anonymous_4)","decl":{"start":{"line":84,"column":2},"end":{"line":84,"column":7}},"loc":{"start":{"line":84,"column":48},"end":{"line":90,"column":3}}},"3":{"name":"(anonymous_5)","decl":{"start":{"line":93,"column":2},"end":{"line":93,"column":7}},"loc":{"start":{"line":93,"column":46},"end":{"line":99,"column":3}}},"4":{"name":"(anonymous_6)","decl":{"start":{"line":102,"column":2},"end":{"line":102,"column":7}},"loc":{"start":{"line":105,"column":31},"end":{"line":128,"column":3}}},"5":{"name":"(anonymous_7)","decl":{"start":{"line":131,"column":2},"end":{"line":131,"column":7}},"loc":{"start":{"line":133,"column":21},"end":{"line":169,"column":3}}}},"branchMap":{"0":{"loc":{"start":{"line":28,"column":4},"end":{"line":30,"column":5}},"type":"if","locations":[{"start":{"line":28,"column":4},"end":{"line":30,"column":5}},{"start":{},"end":{}}]},"1":{"loc":{"start":{"line":31,"column":4},"end":{"line":33,"column":5}},"type":"if","locations":[{"start":{"line":31,"column":4},"end":{"line":33,"column":5}},{"start":{},"end":{}}]},"2":{"loc":{"start":{"line":38,"column":4},"end":{"line":40,"column":5}},"type":"if","locations":[{"start":{"line":38,"column":4},"end":{"line":40,"column":5}},{"start":{},"end":{}}]},"3":{"loc":{"start":{"line":52,"column":4},"end":{"line":56,"column":5}},"type":"if","locations":[{"start":{"line":52,"column":4},"end":{"line":56,"column":5}},{"start":{},"end":{}}]},"4":{"loc":{"start":{"line":108,"column":4},"end":{"line":110,"column":5}},"type":"if","locations":[{"start":{"line":108,"column":4},"end":{"line":110,"column":5}},{"start":{},"end":{}}]},"5":{"loc":{"start":{"line":108,"column":8},"end":{"line":108,"column":51}},"type":"binary-expr","locations":[{"start":{"line":108,"column":8},"end":{"line":108,"column":28}},{"start":{"line":108,"column":32},"end":{"line":108,"column":51}}]},"6":{"loc":{"start":{"line":116,"column":4},"end":{"line":118,"column":5}},"type":"if","locations":[{"start":{"line":116,"column":4},"end":{"line":118,"column":5}},{"start":{},"end":{}}]},"7":{"loc":{"start":{"line":120,"column":4},"end":{"line":122,"column":5}},"type":"if","locations":[{"start":{"line":120,"column":4},"end":{"line":122,"column":5}},{"start":{},"end":{}}]},"8":{"loc":{"start":{"line":120,"column":8},"end":{"line":120,"column":111}},"type":"binary-expr","locations":[{"start":{"line":120,"column":8},"end":{"line":120,"column":57}},{"start":{"line":120,"column":61},"end":{"line":120,"column":111}}]},"9":{"loc":{"start":{"line":139,"column":4},"end":{"line":141,"column":5}},"type":"if","locations":[{"start":{"line":139,"column":4},"end":{"line":141,"column":5}},{"start":{},"end":{}}]},"10":{"loc":{"start":{"line":144,"column":4},"end":{"line":146,"column":5}},"type":"if","locations":[{"start":{"line":144,"column":4},"end":{"line":146,"column":5}},{"start":{},"end":{}}]},"11":{"loc":{"start":{"line":149,"column":4},"end":{"line":151,"column":5}},"type":"if","locations":[{"start":{"line":149,"column":4},"end":{"line":151,"column":5}},{"start":{},"end":{}}]},"12":{"loc":{"start":{"line":159,"column":4},"end":{"line":163,"column":5}},"type":"if","locations":[{"start":{"line":159,"column":4},"end":{"line":163,"column":5}},{"start":{},"end":{}}]},"13":{"loc":{"start":{"line":11,"column":20},"end":{"line":11,"column":null}},"type":"cond-expr","locations":[{"start":{"line":11,"column":33},"end":{"line":11,"column":null}},{"start":{"line":11,"column":33},"end":{"line":11,"column":null}}]},"14":{"loc":{"start":{"line":11,"column":20},"end":{"line":11,"column":33}},"type":"binary-expr","locations":[{"start":{"line":11,"column":20},"end":{"line":11,"column":null}},{"start":{"line":11,"column":20},"end":{"line":11,"column":33}}]},"15":{"loc":{"start":{"line":11,"column":33},"end":{"line":12,"column":null}},"type":"cond-expr","locations":[{"start":{"line":12,"column":36},"end":{"line":12,"column":null}},{"start":{"line":12,"column":36},"end":{"line":12,"column":null}}]},"16":{"loc":{"start":{"line":11,"column":33},"end":{"line":12,"column":36}},"type":"binary-expr","locations":[{"start":{"line":11,"column":33},"end":{"line":12,"column":null}},{"start":{"line":12,"column":25},"end":{"line":12,"column":36}}]}},"s":{"0":1,"1":1,"2":1,"3":1,"4":1,"5":1,"6":1,"7":11,"8":11,"9":11,"10":11,"11":0,"12":11,"13":1,"14":10,"15":1,"16":9,"17":8,"18":0,"19":8,"20":8,"21":8,"22":1,"23":1,"24":7,"25":0,"26":7,"27":7,"28":0,"29":7,"30":2,"31":5,"32":1,"33":1,"34":0,"35":1,"36":0,"37":1,"38":1,"39":0,"40":0,"41":0,"42":0,"43":0,"44":0,"45":0,"46":1,"47":1},"f":{"0":1,"1":11,"2":1,"3":1,"4":7,"5":1},"b":{"0":[0,11],"1":[1,10],"2":[1,9],"3":[0,8],"4":[0,7],"5":[7,0],"6":[0,7],"7":[2,5],"8":[7,5],"9":[0,1],"10":[0,1],"11":[1,0],"12":[0,0],"13":[1,0],"14":[1,1],"15":[1,0],"16":[1,1]}}
,"/Volumes/Mac HD Data/INFORMATIKA/SEMESTER 5/PBKK/x02-final-project-Sh3nm/backend/src/appointments/dto/create-appointment.dto.ts": {"path":"/Volumes/Mac HD Data/INFORMATIKA/SEMESTER 5/PBKK/x02-final-project-Sh3nm/backend/src/appointments/dto/create-appointment.dto.ts","statementMap":{"0":{"start":{"line":1,"column":0},"end":{"line":1,"column":69}},"1":{"start":{"line":3,"column":0},"end":{"line":3,"column":13}},"2":{"start":{"line":6,"column":2},"end":{"line":6,"column":null}},"3":{"start":{"line":10,"column":2},"end":{"line":10,"column":null}}},"fnMap":{},"branchMap":{},"s":{"0":1,"1":1,"2":1,"3":1},"f":{},"b":{}}
,"/Volumes/Mac HD Data/INFORMATIKA/SEMESTER 5/PBKK/x02-final-project-Sh3nm/backend/src/appointments/dto/update-status.dto.ts": {"path":"/Volumes/Mac HD Data/INFORMATIKA/SEMESTER 5/PBKK/x02-final-project-Sh3nm/backend/src/appointments/dto/update-status.dto.ts","statementMap":{"0":{"start":{"line":1,"column":0},"end":{"line":1,"column":53}},"1":{"start":{"line":2,"column":0},"end":{"line":2,"column":51}},"2":{"start":{"line":4,"column":0},"end":{"line":4,"column":13}},"3":{"start":{"line":7,"column":2},"end":{"line":7,"column":null}}},"fnMap":{},"branchMap":{"0":{"loc":{"start":{"line":7,"column":10},"end":{"line":7,"column":28}},"type":"cond-expr","locations":[{"start":{"line":7,"column":27},"end":{"line":7,"column":28}},{"start":{"line":7,"column":27},"end":{"line":7,"column":28}}]},"1":{"loc":{"start":{"line":7,"column":10},"end":{"line":7,"column":27}},"type":"binary-expr","locations":[{"start":{"line":7,"column":10},"end":{"line":7,"column":28}},{"start":{"line":7,"column":10},"end":{"line":7,"column":27}}]}},"s":{"0":1,"1":1,"2":1,"3":1},"f":{},"b":{"0":[0,1],"1":[1,1]}}
,"/Volumes/Mac HD Data/INFORMATIKA/SEMESTER 5/PBKK/x02-final-project-Sh3nm/backend/src/auth/auth.controller.ts": {"path":"/Volumes/Mac HD Data/INFORMATIKA/SEMESTER 5/PBKK/x02-final-project-Sh3nm/backend/src/auth/auth.controller.ts","statementMap":{"0":{"start":{"line":1,"column":0},"end":{"line":1,"column":76}},"1":{"start":{"line":2,"column":0},"end":{"line":2,"column":67}},"2":{"start":{"line":3,"column":0},"end":{"line":3,"column":45}},"3":{"start":{"line":4,"column":0},"end":{"line":4,"column":43}},"4":{"start":{"line":6,"column":0},"end":{"line":6,"column":58}},"5":{"start":{"line":7,"column":0},"end":{"line":7,"column":62}},"6":{"start":{"line":8,"column":0},"end":{"line":8,"column":58}},"7":{"start":{"line":9,"column":0},"end":{"line":9,"column":48}},"8":{"start":{"line":13,"column":7},"end":{"line":61,"column":null}},"9":{"start":{"line":14,"column":31},"end":{"line":14,"column":44}},"10":{"start":{"line":18,"column":4},"end":{"line":22,"column":5}},"11":{"start":{"line":19,"column":6},"end":{"line":19,"column":65}},"12":{"start":{"line":21,"column":6},"end":{"line":21,"column":51}},"13":{"start":{"line":27,"column":4},"end":{"line":31,"column":5}},"14":{"start":{"line":28,"column":6},"end":{"line":28,"column":64}},"15":{"start":{"line":30,"column":6},"end":{"line":30,"column":50}},"16":{"start":{"line":36,"column":4},"end":{"line":40,"column":5}},"17":{"start":{"line":37,"column":6},"end":{"line":37,"column":52}},"18":{"start":{"line":39,"column":6},"end":{"line":39,"column":45}},"19":{"start":{"line":45,"column":4},"end":{"line":49,"column":5}},"20":{"start":{"line":46,"column":6},"end":{"line":46,"column":66}},"21":{"start":{"line":48,"column":6},"end":{"line":48,"column":48}},"22":{"start":{"line":55,"column":4},"end":{"line":59,"column":5}},"23":{"start":{"line":56,"column":6},"end":{"line":56,"column":72}},"24":{"start":{"line":58,"column":6},"end":{"line":58,"column":46}},"25":{"start":{"line":13,"column":13},"end":{"line":13,"column":27}},"26":{"start":{"line":17,"column":8},"end":{"line":23,"column":null}},"27":{"start":{"line":26,"column":8},"end":{"line":32,"column":null}},"28":{"start":{"line":35,"column":8},"end":{"line":41,"column":null}},"29":{"start":{"line":44,"column":8},"end":{"line":50,"column":null}},"30":{"start":{"line":54,"column":8},"end":{"line":60,"column":null}},"31":{"start":{"line":13,"column":13},"end":{"line":61,"column":null}}},"fnMap":{"0":{"name":"(anonymous_4)","decl":{"start":{"line":14,"column":2},"end":{"line":14,"column":31}},"loc":{"start":{"line":14,"column":55},"end":{"line":14,"column":59}}},"1":{"name":"(anonymous_5)","decl":{"start":{"line":17,"column":8},"end":{"line":17,"column":23}},"loc":{"start":{"line":17,"column":60},"end":{"line":23,"column":3}}},"2":{"name":"(anonymous_6)","decl":{"start":{"line":26,"column":8},"end":{"line":26,"column":22}},"loc":{"start":{"line":26,"column":61},"end":{"line":32,"column":3}}},"3":{"name":"(anonymous_7)","decl":{"start":{"line":35,"column":8},"end":{"line":35,"column":13}},"loc":{"start":{"line":35,"column":40},"end":{"line":41,"column":3}}},"4":{"name":"(anonymous_8)","decl":{"start":{"line":44,"column":8},"end":{"line":44,"column":15}},"loc":{"start":{"line":44,"column":56},"end":{"line":50,"column":3}}},"5":{"name":"(anonymous_9)","decl":{"start":{"line":54,"column":8},"end":{"line":54,"column":14}},"loc":{"start":{"line":54,"column":54},"end":{"line":60,"column":3}}}},"branchMap":{"0":{"loc":{"start":{"line":17,"column":45},"end":{"line":17,"column":null}},"type":"cond-expr","locations":[{"start":{"line":17,"column":60},"end":{"line":17,"column":null}},{"start":{"line":17,"column":60},"end":{"line":17,"column":null}}]},"1":{"loc":{"start":{"line":17,"column":45},"end":{"line":17,"column":60}},"type":"binary-expr","locations":[{"start":{"line":17,"column":45},"end":{"line":17,"column":null}},{"start":{"line":17,"column":45},"end":{"line":17,"column":60}}]},"2":{"loc":{"start":{"line":26,"column":44},"end":{"line":26,"column":null}},"type":"cond-expr","locations":[{"start":{"line":26,"column":61},"end":{"line":26,"column":null}},{"start":{"line":26,"column":61},"end":{"line":26,"column":null}}]},"3":{"loc":{"start":{"line":26,"column":44},"end":{"line":26,"column":61}},"type":"binary-expr","locations":[{"start":{"line":26,"column":44},"end":{"line":26,"column":null}},{"start":{"line":26,"column":44},"end":{"line":26,"column":61}}]},"4":{"loc":{"start":{"line":35,"column":32},"end":{"line":35,"column":null}},"type":"cond-expr","locations":[{"start":{"line":35,"column":40},"end":{"line":35,"column":null}},{"start":{"line":35,"column":40},"end":{"line":35,"column":null}}]},"5":{"loc":{"start":{"line":35,"column":32},"end":{"line":35,"column":40}},"type":"binary-expr","locations":[{"start":{"line":35,"column":32},"end":{"line":35,"column":null}},{"start":{"line":35,"column":32},"end":{"line":35,"column":40}}]},"6":{"loc":{"start":{"line":44,"column":41},"end":{"line":44,"column":null}},"type":"cond-expr","locations":[{"start":{"line":44,"column":56},"end":{"line":44,"column":null}},{"start":{"line":44,"column":56},"end":{"line":44,"column":null}}]},"7":{"loc":{"start":{"line":44,"column":41},"end":{"line":44,"column":56}},"type":"binary-expr","locations":[{"start":{"line":44,"column":41},"end":{"line":44,"column":null}},{"start":{"line":44,"column":41},"end":{"line":44,"column":56}}]},"8":{"loc":{"start":{"line":14,"column":44},"end":{"line":14,"column":58}},"type":"cond-expr","locations":[{"start":{"line":14,"column":55},"end":{"line":14,"column":58}},{"start":{"line":14,"column":55},"end":{"line":14,"column":58}}]},"9":{"loc":{"start":{"line":14,"column":44},"end":{"line":14,"column":55}},"type":"binary-expr","locations":[{"start":{"line":14,"column":44},"end":{"line":14,"column":58}},{"start":{"line":14,"column":44},"end":{"line":14,"column":55}}]}},"s":{"0":1,"1":1,"2":1,"3":1,"4":1,"5":1,"6":1,"7":1,"8":1,"9":1,"10":5,"11":5,"12":1,"13":3,"14":3,"15":1,"16":4,"17":4,"18":2,"19":2,"20":2,"21":2,"22":0,"23":0,"24":0,"25":1,"26":1,"27":1,"28":1,"29":1,"30":1,"31":1},"f":{"0":1,"1":5,"2":3,"3":4,"4":2,"5":0},"b":{"0":[1,0],"1":[1,1],"2":[1,0],"3":[1,1],"4":[1,0],"5":[1,1],"6":[1,0],"7":[1,1],"8":[1,0],"9":[1,1]}}
,"/Volumes/Mac HD Data/INFORMATIKA/SEMESTER 5/PBKK/x02-final-project-Sh3nm/backend/src/auth/auth.service.ts": {"path":"/Volumes/Mac HD Data/INFORMATIKA/SEMESTER 5/PBKK/x02-final-project-Sh3nm/backend/src/auth/auth.service.ts","statementMap":{"0":{"start":{"line":1,"column":0},"end":{"line":1,"column":87}},"1":{"start":{"line":2,"column":0},"end":{"line":2,"column":41}},"2":{"start":{"line":3,"column":0},"end":{"line":3,"column":35}},"3":{"start":{"line":4,"column":0},"end":{"line":4,"column":50}},"4":{"start":{"line":12,"column":7},"end":{"line":179,"column":null}},"5":{"start":{"line":14,"column":12},"end":{"line":14,"column":20}},"6":{"start":{"line":15,"column":12},"end":{"line":15,"column":24}},"7":{"start":{"line":21,"column":22},"end":{"line":21,"column":77}},"8":{"start":{"line":24,"column":6},"end":{"line":26,"column":7}},"9":{"start":{"line":25,"column":10},"end":{"line":25,"column":75}},"10":{"start":{"line":29,"column":6},"end":{"line":29,"column":18}},"11":{"start":{"line":33,"column":24},"end":{"line":35,"column":6}},"12":{"start":{"line":37,"column":27},"end":{"line":40,"column":6}},"13":{"start":{"line":41,"column":25},"end":{"line":43,"column":6}},"14":{"start":{"line":45,"column":4},"end":{"line":45,"column":41}},"15":{"start":{"line":49,"column":33},"end":{"line":49,"column":90}},"16":{"start":{"line":51,"column":6},"end":{"line":61,"column":7}},"17":{"start":{"line":52,"column":10},"end":{"line":55,"column":13}},"18":{"start":{"line":56,"column":13},"end":{"line":61,"column":7}},"19":{"start":{"line":57,"column":10},"end":{"line":60,"column":13}},"20":{"start":{"line":66,"column":40},"end":{"line":66,"column":51}},"21":{"start":{"line":68,"column":6},"end":{"line":70,"column":7}},"22":{"start":{"line":69,"column":10},"end":{"line":69,"column":63}},"23":{"start":{"line":72,"column":29},"end":{"line":72,"column":60}},"24":{"start":{"line":74,"column":19},"end":{"line":76,"column":8}},"25":{"start":{"line":78,"column":22},"end":{"line":78,"column":74}},"26":{"start":{"line":79,"column":44},"end":{"line":79,"column":72}},"27":{"start":{"line":81,"column":6},"end":{"line":81,"column":70}},"28":{"start":{"line":83,"column":6},"end":{"line":83,"column":78}},"29":{"start":{"line":88,"column":56},"end":{"line":88,"column":67}},"30":{"start":{"line":90,"column":6},"end":{"line":92,"column":7}},"31":{"start":{"line":91,"column":10},"end":{"line":91,"column":63}},"32":{"start":{"line":94,"column":29},"end":{"line":94,"column":60}},"33":{"start":{"line":96,"column":21},"end":{"line":98,"column":8}},"34":{"start":{"line":100,"column":22},"end":{"line":100,"column":80}},"35":{"start":{"line":101,"column":44},"end":{"line":101,"column":72}},"36":{"start":{"line":103,"column":6},"end":{"line":103,"column":74}},"37":{"start":{"line":105,"column":6},"end":{"line":105,"column":86}},"38":{"start":{"line":109,"column":32},"end":{"line":109,"column":40}},"39":{"start":{"line":112,"column":17},"end":{"line":112,"column":50}},"40":{"start":{"line":114,"column":4},"end":{"line":116,"column":5}},"41":{"start":{"line":115,"column":6},"end":{"line":115,"column":61}},"42":{"start":{"line":118,"column":20},"end":{"line":118,"column":72}},"43":{"start":{"line":119,"column":42},"end":{"line":119,"column":70}},"44":{"start":{"line":121,"column":4},"end":{"line":121,"column":68}},"45":{"start":{"line":123,"column":4},"end":{"line":127,"column":6}},"46":{"start":{"line":131,"column":29},"end":{"line":131,"column":44}},"47":{"start":{"line":133,"column":4},"end":{"line":171,"column":5}},"48":{"start":{"line":134,"column":22},"end":{"line":134,"column":null}},"49":{"start":{"line":142,"column":19},"end":{"line":142,"column":60}},"50":{"start":{"line":144,"column":6},"end":{"line":146,"column":7}},"51":{"start":{"line":145,"column":8},"end":{"line":145,"column":65}},"52":{"start":{"line":149,"column":34},"end":{"line":151,"column":null}},"53":{"start":{"line":154,"column":6},"end":{"line":156,"column":7}},"54":{"start":{"line":155,"column":8},"end":{"line":155,"column":65}},"55":{"start":{"line":159,"column":25},"end":{"line":159,"column":77}},"56":{"start":{"line":161,"column":8},"end":{"line":161,"column":39}},"57":{"start":{"line":163,"column":6},"end":{"line":163,"column":73}},"58":{"start":{"line":165,"column":6},"end":{"line":168,"column":8}},"59":{"start":{"line":170,"column":6},"end":{"line":170,"column":63}},"60":{"start":{"line":175,"column":4},"end":{"line":175,"column":54}},"61":{"start":{"line":177,"column":4},"end":{"line":177,"column":50}},"62":{"start":{"line":12,"column":13},"end":{"line":12,"column":24}},"63":{"start":{"line":12,"column":13},"end":{"line":179,"column":null}}},"fnMap":{"0":{"name":"(anonymous_11)","decl":{"start":{"line":13,"column":2},"end":{"line":13,"column":null}},"loc":{"start":{"line":15,"column":34},"end":{"line":16,"column":6}}},"1":{"name":"(anonymous_12)","decl":{"start":{"line":19,"column":10},"end":{"line":19,"column":15}},"loc":{"start":{"line":19,"column":45},"end":{"line":30,"column":3}}},"2":{"name":"(anonymous_13)","decl":{"start":{"line":32,"column":10},"end":{"line":32,"column":24}},"loc":{"start":{"line":32,"column":74},"end":{"line":46,"column":3}}},"3":{"name":"(anonymous_14)","decl":{"start":{"line":48,"column":10},"end":{"line":48,"column":15}},"loc":{"start":{"line":48,"column":86},"end":{"line":62,"column":3}}},"4":{"name":"(anonymous_15)","decl":{"start":{"line":65,"column":2},"end":{"line":65,"column":7}},"loc":{"start":{"line":65,"column":52},"end":{"line":84,"column":3}}},"5":{"name":"(anonymous_16)","decl":{"start":{"line":87,"column":2},"end":{"line":87,"column":7}},"loc":{"start":{"line":87,"column":53},"end":{"line":106,"column":3}}},"6":{"name":"(anonymous_17)","decl":{"start":{"line":108,"column":2},"end":{"line":108,"column":7}},"loc":{"start":{"line":108,"column":32},"end":{"line":128,"column":3}}},"7":{"name":"(anonymous_18)","decl":{"start":{"line":130,"column":2},"end":{"line":130,"column":7}},"loc":{"start":{"line":130,"column":53},"end":{"line":172,"column":3}}},"8":{"name":"(anonymous_19)","decl":{"start":{"line":174,"column":2},"end":{"line":174,"column":7}},"loc":{"start":{"line":174,"column":41},"end":{"line":178,"column":3}}}},"branchMap":{"0":{"loc":{"start":{"line":24,"column":6},"end":{"line":26,"column":7}},"type":"if","locations":[{"start":{"line":24,"column":6},"end":{"line":26,"column":7}},{"start":{},"end":{}}]},"1":{"loc":{"start":{"line":49,"column":33},"end":{"line":49,"column":90}},"type":"cond-expr","locations":[{"start":{"line":49,"column":48},"end":{"line":49,"column":83}},{"start":{"line":49,"column":86},"end":{"line":49,"column":90}}]},"2":{"loc":{"start":{"line":51,"column":6},"end":{"line":61,"column":7}},"type":"if","locations":[{"start":{"line":51,"column":6},"end":{"line":61,"column":7}},{"start":{"line":56,"column":13},"end":{"line":61,"column":7}}]},"3":{"loc":{"start":{"line":51,"column":10},"end":{"line":51,"column":48}},"type":"binary-expr","locations":[{"start":{"line":51,"column":10},"end":{"line":51,"column":28}},{"start":{"line":51,"column":32},"end":{"line":51,"column":48}}]},"4":{"loc":{"start":{"line":56,"column":13},"end":{"line":61,"column":7}},"type":"if","locations":[{"start":{"line":56,"column":13},"end":{"line":61,"column":7}},{"start":{},"end":{}}]},"5":{"loc":{"start":{"line":68,"column":6},"end":{"line":70,"column":7}},"type":"if","locations":[{"start":{"line":68,"column":6},"end":{"line":70,"column":7}},{"start":{},"end":{}}]},"6":{"loc":{"start":{"line":90,"column":6},"end":{"line":92,"column":7}},"type":"if","locations":[{"start":{"line":90,"column":6},"end":{"line":92,"column":7}},{"start":{},"end":{}}]},"7":{"loc":{"start":{"line":114,"column":4},"end":{"line":116,"column":5}},"type":"if","locations":[{"start":{"line":114,"column":4},"end":{"line":116,"column":5}},{"start":{},"end":{}}]},"8":{"loc":{"start":{"line":114,"column":8},"end":{"line":114,"column":65}},"type":"binary-expr","locations":[{"start":{"line":114,"column":8},"end":{"line":114,"column":13}},{"start":{"line":114,"column":17},"end":{"line":114,"column":65}}]},"9":{"loc":{"start":{"line":144,"column":6},"end":{"line":146,"column":7}},"type":"if","locations":[{"start":{"line":144,"column":6},"end":{"line":146,"column":7}},{"start":{},"end":{}}]},"10":{"loc":{"start":{"line":144,"column":10},"end":{"line":144,"column":64}},"type":"binary-expr","locations":[{"start":{"line":144,"column":10},"end":{"line":144,"column":15}},{"start":{"line":144,"column":19},"end":{"line":144,"column":42}},{"start":{"line":144,"column":46},"end":{"line":144,"column":64}}]},"11":{"loc":{"start":{"line":154,"column":6},"end":{"line":156,"column":7}},"type":"if","locations":[{"start":{"line":154,"column":6},"end":{"line":156,"column":7}},{"start":{},"end":{}}]},"12":{"loc":{"start":{"line":14,"column":20},"end":{"line":14,"column":null}},"type":"cond-expr","locations":[{"start":{"line":14,"column":33},"end":{"line":14,"column":null}},{"start":{"line":14,"column":33},"end":{"line":14,"column":null}}]},"13":{"loc":{"start":{"line":14,"column":20},"end":{"line":14,"column":33}},"type":"binary-expr","locations":[{"start":{"line":14,"column":20},"end":{"line":14,"column":null}},{"start":{"line":14,"column":20},"end":{"line":14,"column":33}}]},"14":{"loc":{"start":{"line":14,"column":33},"end":{"line":15,"column":null}},"type":"cond-expr","locations":[{"start":{"line":15,"column":34},"end":{"line":15,"column":null}},{"start":{"line":15,"column":34},"end":{"line":15,"column":null}}]},"15":{"loc":{"start":{"line":14,"column":33},"end":{"line":15,"column":34}},"type":"binary-expr","locations":[{"start":{"line":14,"column":33},"end":{"line":15,"column":null}},{"start":{"line":15,"column":24},"end":{"line":15,"column":34}}]}},"s":{"0":1,"1":1,"2":1,"3":1,"4":1,"5":1,"6":1,"7":12,"8":12,"9":9,"10":12,"11":8,"12":8,"13":8,"14":8,"15":8,"16":8,"17":5,"18":3,"19":3,"20":5,"21":5,"22":1,"23":4,"24":4,"25":4,"26":4,"27":4,"28":4,"29":3,"30":3,"31":1,"32":2,"33":2,"34":2,"35":2,"36":2,"37":2,"38":4,"39":4,"40":4,"41":2,"42":2,"43":2,"44":2,"45":2,"46":2,"47":2,"48":2,"49":0,"50":0,"51":0,"52":0,"53":0,"54":0,"55":0,"56":0,"57":0,"58":0,"59":2,"60":0,"61":0,"62":1,"63":1},"f":{"0":1,"1":12,"2":8,"3":8,"4":5,"5":3,"6":4,"7":2,"8":0},"b":{"0":[9,3],"1":[8,0],"2":[5,3],"3":[8,3],"4":[3,0],"5":[1,4],"6":[1,2],"7":[2,2],"8":[4,3],"9":[0,0],"10":[0,0,0],"11":[0,0],"12":[1,0],"13":[1,1],"14":[1,0],"15":[1,1]}}
,"/Volumes/Mac HD Data/INFORMATIKA/SEMESTER 5/PBKK/x02-final-project-Sh3nm/backend/src/auth/jwt-auth.guard.ts": {"path":"/Volumes/Mac HD Data/INFORMATIKA/SEMESTER 5/PBKK/x02-final-project-Sh3nm/backend/src/auth/jwt-auth.guard.ts","statementMap":{"0":{"start":{"line":1,"column":0},"end":{"line":1,"column":44}},"1":{"start":{"line":2,"column":0},"end":{"line":2,"column":45}},"2":{"start":{"line":5,"column":7},"end":{"line":5,"column":null}},"3":{"start":{"line":5,"column":13},"end":{"line":5,"column":25}},"4":{"start":{"line":5,"column":13},"end":{"line":5,"column":null}}},"fnMap":{},"branchMap":{},"s":{"0":1,"1":1,"2":1,"3":1,"4":1},"f":{},"b":{}}
,"/Volumes/Mac HD Data/INFORMATIKA/SEMESTER 5/PBKK/x02-final-project-Sh3nm/backend/src/auth/jwt.strategy.ts": {"path":"/Volumes/Mac HD Data/INFORMATIKA/SEMESTER 5/PBKK/x02-final-project-Sh3nm/backend/src/auth/jwt.strategy.ts","statementMap":{"0":{"start":{"line":1,"column":0},"end":{"line":1,"column":67}},"1":{"start":{"line":2,"column":0},"end":{"line":2,"column":52}},"2":{"start":{"line":3,"column":0},"end":{"line":3,"column":52}},"3":{"start":{"line":4,"column":0},"end":{"line":4,"column":43}},"4":{"start":{"line":5,"column":0},"end":{"line":5,"column":49}},"5":{"start":{"line":6,"column":0},"end":{"line":6,"column":50}},"6":{"start":{"line":7,"column":0},"end":{"line":7,"column":50}},"7":{"start":{"line":10,"column":7},"end":{"line":58,"column":null}},"8":{"start":{"line":12,"column":4},"end":{"line":16,"column":7}},"9":{"start":{"line":11,"column":22},"end":{"line":11,"column":30}},"10":{"start":{"line":20,"column":23},"end":{"line":20,"column":59}},"11":{"start":{"line":21,"column":19},"end":{"line":21,"column":45}},"12":{"start":{"line":23,"column":4},"end":{"line":25,"column":5}},"13":{"start":{"line":24,"column":6},"end":{"line":24,"column":63}},"14":{"start":{"line":28,"column":70},"end":{"line":28,"column":74}},"15":{"start":{"line":30,"column":4},"end":{"line":46,"column":5}},"16":{"start":{"line":31,"column":6},"end":{"line":37,"column":9}},"17":{"start":{"line":39,"column":6},"end":{"line":45,"column":9}},"18":{"start":{"line":48,"column":4},"end":{"line":50,"column":5}},"19":{"start":{"line":49,"column":6},"end":{"line":49,"column":40}},"20":{"start":{"line":52,"column":4},"end":{"line":56,"column":6}},"21":{"start":{"line":10,"column":13},"end":{"line":10,"column":24}},"22":{"start":{"line":10,"column":13},"end":{"line":58,"column":null}}},"fnMap":{"0":{"name":"(anonymous_2)","decl":{"start":{"line":11,"column":2},"end":{"line":11,"column":22}},"loc":{"start":{"line":11,"column":43},"end":{"line":17,"column":3}}},"1":{"name":"(anonymous_3)","decl":{"start":{"line":19,"column":2},"end":{"line":19,"column":7}},"loc":{"start":{"line":19,"column":29},"end":{"line":57,"column":3}}}},"branchMap":{"0":{"loc":{"start":{"line":15,"column":19},"end":{"line":15,"column":62}},"type":"binary-expr","locations":[{"start":{"line":15,"column":19},"end":{"line":15,"column":41}},{"start":{"line":15,"column":45},"end":{"line":15,"column":62}}]},"1":{"loc":{"start":{"line":23,"column":4},"end":{"line":25,"column":5}},"type":"if","locations":[{"start":{"line":23,"column":4},"end":{"line":25,"column":5}},{"start":{},"end":{}}]},"2":{"loc":{"start":{"line":30,"column":4},"end":{"line":46,"column":5}},"type":"if","locations":[{"start":{"line":30,"column":4},"end":{"line":46,"column":5}},{"start":{"line":38,"column":11},"end":{"line":46,"column":5}}]},"3":{"loc":{"start":{"line":48,"column":4},"end":{"line":50,"column":5}},"type":"if","locations":[{"start":{"line":48,"column":4},"end":{"line":50,"column":5}},{"start":{},"end":{}}]},"4":{"loc":{"start":{"line":11,"column":30},"end":{"line":11,"column":null}},"type":"cond-expr","locations":[{"start":{"line":11,"column":43},"end":{"line":11,"column":null}},{"start":{"line":11,"column":43},"end":{"line":11,"column":null}}]},"5":{"loc":{"start":{"line":11,"column":30},"end":{"line":11,"column":43}},"type":"binary-expr","locations":[{"start":{"line":11,"column":30},"end":{"line":11,"column":null}},{"start":{"line":11,"column":30},"end":{"line":11,"column":43}}]}},"s":{"0":1,"1":1,"2":1,"3":1,"4":1,"5":1,"6":1,"7":1,"8":1,"9":1,"10":55,"11":55,"12":55,"13":0,"14":55,"15":55,"16":18,"17":37,"18":55,"19":1,"20":54,"21":1,"22":1},"f":{"0":1,"1":55},"b":{"0":[1,1],"1":[0,55],"2":[18,37],"3":[1,54],"4":[1,0],"5":[1,1]}}
,"/Volumes/Mac HD Data/INFORMATIKA/SEMESTER 5/PBKK/x02-final-project-Sh3nm/backend/src/auth/dto/jwt-payload.ts": {"path":"/Volumes/Mac HD Data/INFORMATIKA/SEMESTER 5/PBKK/x02-final-project-Sh3nm/backend/src/auth/dto/jwt-payload.ts","statementMap":{"0":{"start":{"line":1,"column":0},"end":{"line":1,"column":74}},"1":{"start":{"line":2,"column":0},"end":{"line":2,"column":38}},"2":{"start":{"line":4,"column":0},"end":{"line":4,"column":13}},"3":{"start":{"line":7,"column":4},"end":{"line":7,"column":null}},"4":{"start":{"line":11,"column":4},"end":{"line":11,"column":null}},"5":{"start":{"line":14,"column":4},"end":{"line":14,"column":null}}},"fnMap":{},"branchMap":{"0":{"loc":{"start":{"line":14,"column":10},"end":{"line":14,"column":15}},"type":"cond-expr","locations":[{"start":{"line":14,"column":14},"end":{"line":14,"column":15}},{"start":{"line":14,"column":14},"end":{"line":14,"column":15}}]},"1":{"loc":{"start":{"line":14,"column":10},"end":{"line":14,"column":14}},"type":"binary-expr","locations":[{"start":{"line":14,"column":10},"end":{"line":14,"column":15}},{"start":{"line":14,"column":10},"end":{"line":14,"column":14}}]}},"s":{"0":1,"1":1,"2":1,"3":1,"4":1,"5":1},"f":{},"b":{"0":[0,1],"1":[1,1]}}
,"/Volumes/Mac HD Data/INFORMATIKA/SEMESTER 5/PBKK/x02-final-project-Sh3nm/backend/src/auth/dto/login.dto.ts": {"path":"/Volumes/Mac HD Data/INFORMATIKA/SEMESTER 5/PBKK/x02-final-project-Sh3nm/backend/src/auth/dto/login.dto.ts","statementMap":{"0":{"start":{"line":1,"column":0},"end":{"line":1,"column":52}},"1":{"start":{"line":3,"column":0},"end":{"line":3,"column":13}},"2":{"start":{"line":5,"column":2},"end":{"line":5,"column":null}},"3":{"start":{"line":8,"column":2},"end":{"line":8,"column":null}}},"fnMap":{},"branchMap":{},"s":{"0":1,"1":1,"2":1,"3":1},"f":{},"b":{}}
,"/Volumes/Mac HD Data/INFORMATIKA/SEMESTER 5/PBKK/x02-final-project-Sh3nm/backend/src/auth/dto/refresh-token.dto.ts": {"path":"/Volumes/Mac HD Data/INFORMATIKA/SEMESTER 5/PBKK/x02-final-project-Sh3nm/backend/src/auth/dto/refresh-token.dto.ts","statementMap":{"0":{"start":{"line":1,"column":0},"end":{"line":1,"column":55}},"1":{"start":{"line":3,"column":0},"end":{"line":3,"column":13}},"2":{"start":{"line":6,"column":4},"end":{"line":6,"column":null}}},"fnMap":{},"branchMap":{},"s":{"0":1,"1":1,"2":1},"f":{},"b":{}}
,"/Volumes/Mac HD Data/INFORMATIKA/SEMESTER 5/PBKK/x02-final-project-Sh3nm/backend/src/auth/dto/register-doctor.dto.ts": {"path":"/Volumes/Mac HD Data/INFORMATIKA/SEMESTER 5/PBKK/x02-final-project-Sh3nm/backend/src/auth/dto/register-doctor.dto.ts","statementMap":{"0":{"start":{"line":1,"column":0},"end":{"line":1,"column":75}},"1":{"start":{"line":3,"column":0},"end":{"line":3,"column":13}},"2":{"start":{"line":6,"column":2},"end":{"line":6,"column":null}},"3":{"start":{"line":9,"column":2},"end":{"line":9,"column":null}},"4":{"start":{"line":12,"column":2},"end":{"line":12,"column":null}},"5":{"start":{"line":16,"column":2},"end":{"line":16,"column":null}}},"fnMap":{},"branchMap":{},"s":{"0":1,"1":1,"2":1,"3":1,"4":1,"5":1},"f":{},"b":{}}
,"/Volumes/Mac HD Data/INFORMATIKA/SEMESTER 5/PBKK/x02-final-project-Sh3nm/backend/src/auth/dto/register-user.dto.ts": {"path":"/Volumes/Mac HD Data/INFORMATIKA/SEMESTER 5/PBKK/x02-final-project-Sh3nm/backend/src/auth/dto/register-user.dto.ts","statementMap":{"0":{"start":{"line":1,"column":0},"end":{"line":1,"column":75}},"1":{"start":{"line":3,"column":0},"end":{"line":3,"column":13}},"2":{"start":{"line":6,"column":2},"end":{"line":6,"column":null}},"3":{"start":{"line":10,"column":2},"end":{"line":10,"column":null}},"4":{"start":{"line":13,"column":2},"end":{"line":13,"column":null}}},"fnMap":{},"branchMap":{},"s":{"0":1,"1":1,"2":1,"3":1,"4":1},"f":{},"b":{}}
,"/Volumes/Mac HD Data/INFORMATIKA/SEMESTER 5/PBKK/x02-final-project-Sh3nm/backend/src/common/get-users.decorator.ts": {"path":"/Volumes/Mac HD Data/INFORMATIKA/SEMESTER 5/PBKK/x02-final-project-Sh3nm/backend/src/common/get-users.decorator.ts","statementMap":{"0":{"start":{"line":1,"column":0},"end":{"line":1,"column":72}},"1":{"start":{"line":10,"column":13},"end":{"line":18,"column":2}},"2":{"start":{"line":12,"column":20},"end":{"line":12,"column":51}},"3":{"start":{"line":14,"column":17},"end":{"line":14,"column":29}},"4":{"start":{"line":16,"column":4},"end":{"line":16,"column":16}}},"fnMap":{"0":{"name":"(anonymous_0)","decl":{"start":{"line":11,"column":2},"end":{"line":11,"column":3}},"loc":{"start":{"line":11,"column":52},"end":{"line":17,"column":3}}}},"branchMap":{},"s":{"0":1,"1":1,"2":41,"3":41,"4":41},"f":{"0":41},"b":{}}
,"/Volumes/Mac HD Data/INFORMATIKA/SEMESTER 5/PBKK/x02-final-project-Sh3nm/backend/src/common/prisma-error.handler.ts": {"path":"/Volumes/Mac HD Data/INFORMATIKA/SEMESTER 5/PBKK/x02-final-project-Sh3nm/backend/src/common/prisma-error.handler.ts","statementMap":{"0":{"start":{"line":5,"column":0},"end":{"line":5,"column":16}},"1":{"start":{"line":1,"column":0},"end":{"line":1,"column":59}},"2":{"start":{"line":3,"column":0},"end":{"line":3,"column":40}},"3":{"start":{"line":6,"column":2},"end":{"line":8,"column":3}},"4":{"start":{"line":7,"column":4},"end":{"line":7,"column":16}},"5":{"start":{"line":10,"column":2},"end":{"line":30,"column":3}},"6":{"start":{"line":11,"column":4},"end":{"line":29,"column":5}},"7":{"start":{"line":13,"column":8},"end":{"line":16,"column":10}},"8":{"start":{"line":18,"column":8},"end":{"line":18,"column":74}},"9":{"start":{"line":20,"column":8},"end":{"line":23,"column":10}},"10":{"start":{"line":25,"column":8},"end":{"line":28,"column":10}},"11":{"start":{"line":32,"column":2},"end":{"line":32,"column":23}},"12":{"start":{"line":33,"column":2},"end":{"line":36,"column":4}}},"fnMap":{"0":{"name":"handlePrismaError","decl":{"start":{"line":5,"column":16},"end":{"line":5,"column":33}},"loc":{"start":{"line":5,"column":63},"end":{"line":37,"column":1}}}},"branchMap":{"0":{"loc":{"start":{"line":6,"column":2},"end":{"line":8,"column":3}},"type":"if","locations":[{"start":{"line":6,"column":2},"end":{"line":8,"column":3}},{"start":{},"end":{}}]},"1":{"loc":{"start":{"line":10,"column":2},"end":{"line":30,"column":3}},"type":"if","locations":[{"start":{"line":10,"column":2},"end":{"line":30,"column":3}},{"start":{},"end":{}}]},"2":{"loc":{"start":{"line":11,"column":4},"end":{"line":29,"column":5}},"type":"switch","locations":[{"start":{"line":12,"column":6},"end":{"line":16,"column":10}},{"start":{"line":17,"column":6},"end":{"line":18,"column":74}},{"start":{"line":19,"column":6},"end":{"line":23,"column":10}},{"start":{"line":24,"column":6},"end":{"line":28,"column":10}}]}},"s":{"0":1,"1":1,"2":1,"3":6,"4":6,"5":0,"6":0,"7":0,"8":0,"9":0,"10":0,"11":0,"12":0},"f":{"0":6},"b":{"0":[6,0],"1":[0,0],"2":[0,0,0,0]}}
,"/Volumes/Mac HD Data/INFORMATIKA/SEMESTER 5/PBKK/x02-final-project-Sh3nm/backend/src/common/roles.decorator.ts": {"path":"/Volumes/Mac HD Data/INFORMATIKA/SEMESTER 5/PBKK/x02-final-project-Sh3nm/backend/src/common/roles.decorator.ts","statementMap":{"0":{"start":{"line":1,"column":0},"end":{"line":1,"column":45}},"1":{"start":{"line":4,"column":13},"end":{"line":4,"column":33}},"2":{"start":{"line":5,"column":21},"end":{"line":5,"column":72}},"3":{"start":{"line":5,"column":43},"end":{"line":5,"column":72}},"4":{"start":{"line":5,"column":13},"end":{"line":5,"column":21}}},"fnMap":{"0":{"name":"(anonymous_0)","decl":{"start":{"line":5,"column":21},"end":{"line":5,"column":22}},"loc":{"start":{"line":5,"column":43},"end":{"line":5,"column":72}}}},"branchMap":{},"s":{"0":1,"1":1,"2":1,"3":6,"4":1},"f":{"0":6},"b":{}}
,"/Volumes/Mac HD Data/INFORMATIKA/SEMESTER 5/PBKK/x02-final-project-Sh3nm/backend/src/common/roles.guard.ts": {"path":"/Volumes/Mac HD Data/INFORMATIKA/SEMESTER 5/PBKK/x02-final-project-Sh3nm/backend/src/common/roles.guard.ts","statementMap":{"0":{"start":{"line":1,"column":0},"end":{"line":1,"column":75}},"1":{"start":{"line":2,"column":0},"end":{"line":2,"column":41}},"2":{"start":{"line":4,"column":0},"end":{"line":4,"column":46}},"3":{"start":{"line":7,"column":7},"end":{"line":33,"column":null}},"4":{"start":{"line":8,"column":22},"end":{"line":8,"column":33}},"5":{"start":{"line":12,"column":26},"end":{"line":15,"column":6}},"6":{"start":{"line":18,"column":4},"end":{"line":20,"column":5}},"7":{"start":{"line":19,"column":6},"end":{"line":19,"column":18}},"8":{"start":{"line":23,"column":21},"end":{"line":23,"column":56}},"9":{"start":{"line":25,"column":4},"end":{"line":28,"column":5}},"10":{"start":{"line":27,"column":6},"end":{"line":27,"column":19}},"11":{"start":{"line":31,"column":4},"end":{"line":31,"column":60}},"12":{"start":{"line":31,"column":40},"end":{"line":31,"column":58}},"13":{"start":{"line":7,"column":13},"end":{"line":7,"column":23}},"14":{"start":{"line":7,"column":13},"end":{"line":33,"column":null}}},"fnMap":{"0":{"name":"(anonymous_2)","decl":{"start":{"line":8,"column":2},"end":{"line":8,"column":22}},"loc":{"start":{"line":8,"column":42},"end":{"line":8,"column":46}}},"1":{"name":"(anonymous_3)","decl":{"start":{"line":10,"column":2},"end":{"line":10,"column":13}},"loc":{"start":{"line":10,"column":39},"end":{"line":32,"column":3}}},"2":{"name":"(anonymous_4)","decl":{"start":{"line":31,"column":30},"end":{"line":31,"column":31}},"loc":{"start":{"line":31,"column":40},"end":{"line":31,"column":58}}}},"branchMap":{"0":{"loc":{"start":{"line":18,"column":4},"end":{"line":20,"column":5}},"type":"if","locations":[{"start":{"line":18,"column":4},"end":{"line":20,"column":5}},{"start":{},"end":{}}]},"1":{"loc":{"start":{"line":25,"column":4},"end":{"line":28,"column":5}},"type":"if","locations":[{"start":{"line":25,"column":4},"end":{"line":28,"column":5}},{"start":{},"end":{}}]},"2":{"loc":{"start":{"line":25,"column":8},"end":{"line":25,"column":27}},"type":"binary-expr","locations":[{"start":{"line":25,"column":8},"end":{"line":25,"column":13}},{"start":{"line":25,"column":17},"end":{"line":25,"column":27}}]},"3":{"loc":{"start":{"line":8,"column":33},"end":{"line":8,"column":45}},"type":"cond-expr","locations":[{"start":{"line":8,"column":42},"end":{"line":8,"column":45}},{"start":{"line":8,"column":42},"end":{"line":8,"column":45}}]},"4":{"loc":{"start":{"line":8,"column":33},"end":{"line":8,"column":42}},"type":"binary-expr","locations":[{"start":{"line":8,"column":33},"end":{"line":8,"column":45}},{"start":{"line":8,"column":33},"end":{"line":8,"column":42}}]}},"s":{"0":1,"1":1,"2":1,"3":1,"4":2,"5":28,"6":28,"7":0,"8":28,"9":28,"10":0,"11":28,"12":29,"13":1,"14":1},"f":{"0":2,"1":28,"2":29},"b":{"0":[0,28],"1":[0,28],"2":[28,28],"3":[1,0],"4":[1,1]}}
,"/Volumes/Mac HD Data/INFORMATIKA/SEMESTER 5/PBKK/x02-final-project-Sh3nm/backend/src/common/test-db-helper.ts": {"path":"/Volumes/Mac HD Data/INFORMATIKA/SEMESTER 5/PBKK/x02-final-project-Sh3nm/backend/src/common/test-db-helper.ts","statementMap":{"0":{"start":{"line":6,"column":0},"end":{"line":6,"column":7}},"1":{"start":{"line":4,"column":0},"end":{"line":4,"column":50}},"2":{"start":{"line":7,"column":32},"end":{"line":7,"column":54}},"3":{"start":{"line":10,"column":2},"end":{"line":10,"column":42}},"4":{"start":{"line":12,"column":2},"end":{"line":12,"column":40}},"5":{"start":{"line":14,"column":2},"end":{"line":14,"column":35}},"6":{"start":{"line":15,"column":2},"end":{"line":15,"column":33}}},"fnMap":{"0":{"name":"clearDatabase","decl":{"start":{"line":6,"column":22},"end":{"line":6,"column":35}},"loc":{"start":{"line":6,"column":57},"end":{"line":16,"column":1}}}},"branchMap":{},"s":{"0":1,"1":1,"2":2,"3":2,"4":2,"5":2,"6":2},"f":{"0":2},"b":{}}
,"/Volumes/Mac HD Data/INFORMATIKA/SEMESTER 5/PBKK/x02-final-project-Sh3nm/backend/src/config/mail.config.ts": {"path":"/Volumes/Mac HD Data/INFORMATIKA/SEMESTER 5/PBKK/x02-final-project-Sh3nm/backend/src/config/mail.config.ts","statementMap":{"0":{"start":{"line":2,"column":0},"end":{"line":2,"column":78}},"1":{"start":{"line":4,"column":13},"end":{"line":26,"column":2}}},"fnMap":{},"branchMap":{},"s":{"0":1,"1":1},"f":{},"b":{}}
,"/Volumes/Mac HD Data/INFORMATIKA/SEMESTER 5/PBKK/x02-final-project-Sh3nm/backend/src/config/multer.config.ts": {"path":"/Volumes/Mac HD Data/INFORMATIKA/SEMESTER 5/PBKK/x02-final-project-Sh3nm/backend/src/config/multer.config.ts","statementMap":{"0":{"start":{"line":1,"column":0},"end":{"line":1,"column":37}},"1":{"start":{"line":2,"column":0},"end":{"line":2,"column":31}},"2":{"start":{"line":4,"column":27},"end":{"line":4,"column":38}},"3":{"start":{"line":6,"column":13},"end":{"line":29,"column":2}},"4":{"start":{"line":15,"column":27},"end":{"line":15,"column":77}},"5":{"start":{"line":16,"column":24},"end":{"line":16,"column":50}},"6":{"start":{"line":17,"column":23},"end":{"line":17,"column":52}},"7":{"start":{"line":18,"column":6},"end":{"line":18,"column":31}},"8":{"start":{"line":23,"column":4},"end":{"line":27,"column":5}},"9":{"start":{"line":24,"column":6},"end":{"line":24,"column":27}},"10":{"start":{"line":26,"column":6},"end":{"line":26,"column":106}}},"fnMap":{"0":{"name":"(anonymous_0)","decl":{"start":{"line":14,"column":14},"end":{"line":14,"column":15}},"loc":{"start":{"line":14,"column":38},"end":{"line":19,"column":5}}},"1":{"name":"(anonymous_1)","decl":{"start":{"line":22,"column":14},"end":{"line":22,"column":15}},"loc":{"start":{"line":22,"column":38},"end":{"line":28,"column":3}}}},"branchMap":{"0":{"loc":{"start":{"line":23,"column":4},"end":{"line":27,"column":5}},"type":"if","locations":[{"start":{"line":23,"column":4},"end":{"line":27,"column":5}},{"start":{"line":25,"column":11},"end":{"line":27,"column":5}}]}},"s":{"0":1,"1":1,"2":1,"3":1,"4":3,"5":3,"6":3,"7":3,"8":3,"9":3,"10":0},"f":{"0":3,"1":3},"b":{"0":[3,0]}}
,"/Volumes/Mac HD Data/INFORMATIKA/SEMESTER 5/PBKK/x02-final-project-Sh3nm/backend/src/doctors/doctors.controller.ts": {"path":"/Volumes/Mac HD Data/INFORMATIKA/SEMESTER 5/PBKK/x02-final-project-Sh3nm/backend/src/doctors/doctors.controller.ts","statementMap":{"0":{"start":{"line":1,"column":0},"end":{"line":1,"column":94}},"1":{"start":{"line":2,"column":0},"end":{"line":2,"column":51}},"2":{"start":{"line":3,"column":0},"end":{"line":3,"column":58}},"3":{"start":{"line":4,"column":0},"end":{"line":4,"column":54}},"4":{"start":{"line":11,"column":7},"end":{"line":34,"column":null}},"5":{"start":{"line":12,"column":31},"end":{"line":12,"column":47}},"6":{"start":{"line":17,"column":4},"end":{"line":17,"column":41}},"7":{"start":{"line":23,"column":4},"end":{"line":23,"column":43}},"8":{"start":{"line":32,"column":4},"end":{"line":32,"column":59}},"9":{"start":{"line":11,"column":13},"end":{"line":11,"column":30}},"10":{"start":{"line":16,"column":2},"end":{"line":18,"column":null}},"11":{"start":{"line":22,"column":2},"end":{"line":24,"column":null}},"12":{"start":{"line":28,"column":2},"end":{"line":33,"column":null}},"13":{"start":{"line":11,"column":13},"end":{"line":34,"column":null}}},"fnMap":{"0":{"name":"(anonymous_4)","decl":{"start":{"line":12,"column":2},"end":{"line":12,"column":31}},"loc":{"start":{"line":12,"column":61},"end":{"line":12,"column":65}}},"1":{"name":"(anonymous_5)","decl":{"start":{"line":16,"column":2},"end":{"line":16,"column":9}},"loc":{"start":{"line":16,"column":9},"end":{"line":18,"column":3}}},"2":{"name":"(anonymous_6)","decl":{"start":{"line":22,"column":2},"end":{"line":22,"column":9}},"loc":{"start":{"line":22,"column":47},"end":{"line":24,"column":3}}},"3":{"name":"(anonymous_7)","decl":{"start":{"line":28,"column":2},"end":{"line":28,"column":8}},"loc":{"start":{"line":30,"column":44},"end":{"line":33,"column":3}}}},"branchMap":{"0":{"loc":{"start":{"line":30,"column":29},"end":{"line":30,"column":null}},"type":"cond-expr","locations":[{"start":{"line":30,"column":44},"end":{"line":30,"column":null}},{"start":{"line":30,"column":44},"end":{"line":30,"column":null}}]},"1":{"loc":{"start":{"line":30,"column":29},"end":{"line":30,"column":44}},"type":"binary-expr","locations":[{"start":{"line":30,"column":29},"end":{"line":30,"column":null}},{"start":{"line":30,"column":29},"end":{"line":30,"column":44}}]},"2":{"loc":{"start":{"line":12,"column":47},"end":{"line":12,"column":64}},"type":"cond-expr","locations":[{"start":{"line":12,"column":61},"end":{"line":12,"column":64}},{"start":{"line":12,"column":61},"end":{"line":12,"column":64}}]},"3":{"loc":{"start":{"line":12,"column":47},"end":{"line":12,"column":61}},"type":"binary-expr","locations":[{"start":{"line":12,"column":47},"end":{"line":12,"column":64}},{"start":{"line":12,"column":47},"end":{"line":12,"column":61}}]}},"s":{"0":1,"1":1,"2":1,"3":1,"4":1,"5":1,"6":3,"7":3,"8":3,"9":1,"10":1,"11":1,"12":1,"13":1},"f":{"0":1,"1":3,"2":3,"3":3},"b":{"0":[1,0],"1":[1,1],"2":[1,0],"3":[1,1]}}
,"/Volumes/Mac HD Data/INFORMATIKA/SEMESTER 5/PBKK/x02-final-project-Sh3nm/backend/src/doctors/doctors.service.ts": {"path":"/Volumes/Mac HD Data/INFORMATIKA/SEMESTER 5/PBKK/x02-final-project-Sh3nm/backend/src/doctors/doctors.service.ts","statementMap":{"0":{"start":{"line":1,"column":0},"end":{"line":1,"column":63}},"1":{"start":{"line":2,"column":0},"end":{"line":2,"column":50}},"2":{"start":{"line":6,"column":7},"end":{"line":52,"column":null}},"3":{"start":{"line":7,"column":22},"end":{"line":7,"column":30}},"4":{"start":{"line":11,"column":20},"end":{"line":19,"column":6}},"5":{"start":{"line":20,"column":4},"end":{"line":20,"column":19}},"6":{"start":{"line":25,"column":19},"end":{"line":34,"column":6}},"7":{"start":{"line":36,"column":4},"end":{"line":38,"column":5}},"8":{"start":{"line":37,"column":6},"end":{"line":37,"column":69}},"9":{"start":{"line":39,"column":4},"end":{"line":39,"column":18}},"10":{"start":{"line":44,"column":26},"end":{"line":47,"column":6}},"11":{"start":{"line":49,"column":54},"end":{"line":49,"column":67}},"12":{"start":{"line":50,"column":4},"end":{"line":50,"column":22}},"13":{"start":{"line":6,"column":13},"end":{"line":6,"column":27}},"14":{"start":{"line":6,"column":13},"end":{"line":52,"column":null}}},"fnMap":{"0":{"name":"(anonymous_2)","decl":{"start":{"line":7,"column":2},"end":{"line":7,"column":22}},"loc":{"start":{"line":7,"column":43},"end":{"line":7,"column":47}}},"1":{"name":"(anonymous_3)","decl":{"start":{"line":10,"column":2},"end":{"line":10,"column":7}},"loc":{"start":{"line":10,"column":15},"end":{"line":21,"column":3}}},"2":{"name":"(anonymous_4)","decl":{"start":{"line":24,"column":2},"end":{"line":24,"column":7}},"loc":{"start":{"line":24,"column":26},"end":{"line":40,"column":3}}},"3":{"name":"(anonymous_5)","decl":{"start":{"line":43,"column":2},"end":{"line":43,"column":7}},"loc":{"start":{"line":43,"column":54},"end":{"line":51,"column":3}}}},"branchMap":{"0":{"loc":{"start":{"line":36,"column":4},"end":{"line":38,"column":5}},"type":"if","locations":[{"start":{"line":36,"column":4},"end":{"line":38,"column":5}},{"start":{},"end":{}}]},"1":{"loc":{"start":{"line":7,"column":30},"end":{"line":7,"column":46}},"type":"cond-expr","locations":[{"start":{"line":7,"column":43},"end":{"line":7,"column":46}},{"start":{"line":7,"column":43},"end":{"line":7,"column":46}}]},"2":{"loc":{"start":{"line":7,"column":30},"end":{"line":7,"column":43}},"type":"binary-expr","locations":[{"start":{"line":7,"column":30},"end":{"line":7,"column":46}},{"start":{"line":7,"column":30},"end":{"line":7,"column":43}}]}},"s":{"0":1,"1":1,"2":1,"3":1,"4":3,"5":3,"6":3,"7":3,"8":2,"9":1,"10":3,"11":2,"12":2,"13":1,"14":1},"f":{"0":1,"1":3,"2":3,"3":3},"b":{"0":[2,1],"1":[1,0],"2":[1,1]}}
,"/Volumes/Mac HD Data/INFORMATIKA/SEMESTER 5/PBKK/x02-final-project-Sh3nm/backend/src/doctors/dto/update-doctor.dto.ts": {"path":"/Volumes/Mac HD Data/INFORMATIKA/SEMESTER 5/PBKK/x02-final-project-Sh3nm/backend/src/doctors/dto/update-doctor.dto.ts","statementMap":{"0":{"start":{"line":1,"column":0},"end":{"line":1,"column":67}},"1":{"start":{"line":3,"column":0},"end":{"line":3,"column":13}},"2":{"start":{"line":7,"column":2},"end":{"line":7,"column":null}},"3":{"start":{"line":12,"column":2},"end":{"line":12,"column":null}}},"fnMap":{},"branchMap":{},"s":{"0":1,"1":1,"2":1,"3":1},"f":{},"b":{}}
,"/Volumes/Mac HD Data/INFORMATIKA/SEMESTER 5/PBKK/x02-final-project-Sh3nm/backend/src/mail/mail.service.ts": {"path":"/Volumes/Mac HD Data/INFORMATIKA/SEMESTER 5/PBKK/x02-final-project-Sh3nm/backend/src/mail/mail.service.ts","statementMap":{"0":{"start":{"line":1,"column":0},"end":{"line":1,"column":52}},"1":{"start":{"line":2,"column":0},"end":{"line":2,"column":55}},"2":{"start":{"line":6,"column":24},"end":{"line":40,"column":null}},"3":{"start":{"line":9,"column":22},"end":{"line":9,"column":37}},"4":{"start":{"line":7,"column":19},"end":{"line":7,"column":57}},"5":{"start":{"line":18,"column":26},"end":{"line":20,"column":6}},"6":{"start":{"line":22,"column":4},"end":{"line":38,"column":5}},"7":{"start":{"line":23,"column":8},"end":{"line":34,"column":11}},"8":{"start":{"line":35,"column":8},"end":{"line":35,"column":78}},"9":{"start":{"line":37,"column":8},"end":{"line":37,"column":85}},"10":{"start":{"line":6,"column":13},"end":{"line":6,"column":24}},"11":{"start":{"line":6,"column":13},"end":{"line":40,"column":null}}},"fnMap":{"0":{"name":"(anonymous_2)","decl":{"start":{"line":9,"column":2},"end":{"line":9,"column":22}},"loc":{"start":{"line":9,"column":50},"end":{"line":9,"column":54}}},"1":{"name":"(anonymous_3)","decl":{"start":{"line":12,"column":2},"end":{"line":12,"column":7}},"loc":{"start":{"line":15,"column":28},"end":{"line":39,"column":3}}}},"branchMap":{"0":{"loc":{"start":{"line":9,"column":37},"end":{"line":9,"column":53}},"type":"cond-expr","locations":[{"start":{"line":9,"column":50},"end":{"line":9,"column":53}},{"start":{"line":9,"column":50},"end":{"line":9,"column":53}}]},"1":{"loc":{"start":{"line":9,"column":37},"end":{"line":9,"column":50}},"type":"binary-expr","locations":[{"start":{"line":9,"column":37},"end":{"line":9,"column":53}},{"start":{"line":9,"column":37},"end":{"line":9,"column":50}}]}},"s":{"0":1,"1":1,"2":1,"3":1,"4":1,"5":8,"6":8,"7":8,"8":8,"9":0,"10":1,"11":1},"f":{"0":1,"1":8},"b":{"0":[1,0],"1":[1,1]}}
,"/Volumes/Mac HD Data/INFORMATIKA/SEMESTER 5/PBKK/x02-final-project-Sh3nm/backend/src/records/records.controller.ts": {"path":"/Volumes/Mac HD Data/INFORMATIKA/SEMESTER 5/PBKK/x02-final-project-Sh3nm/backend/src/records/records.controller.ts","statementMap":{"0":{"start":{"line":1,"column":0},"end":{"line":1,"column":124}},"1":{"start":{"line":2,"column":0},"end":{"line":2,"column":59}},"2":{"start":{"line":3,"column":0},"end":{"line":3,"column":51}},"3":{"start":{"line":4,"column":0},"end":{"line":4,"column":73}},"4":{"start":{"line":5,"column":0},"end":{"line":5,"column":54}},"5":{"start":{"line":6,"column":0},"end":{"line":6,"column":51}},"6":{"start":{"line":7,"column":0},"end":{"line":7,"column":50}},"7":{"start":{"line":8,"column":0},"end":{"line":8,"column":65}},"8":{"start":{"line":9,"column":0},"end":{"line":9,"column":38}},"9":{"start":{"line":10,"column":0},"end":{"line":10,"column":56}},"10":{"start":{"line":11,"column":0},"end":{"line":11,"column":53}},"11":{"start":{"line":15,"column":7},"end":{"line":61,"column":null}},"12":{"start":{"line":16,"column":31},"end":{"line":16,"column":47}},"13":{"start":{"line":28,"column":4},"end":{"line":30,"column":5}},"14":{"start":{"line":29,"column":6},"end":{"line":29,"column":72}},"15":{"start":{"line":32,"column":4},"end":{"line":32,"column":59}},"16":{"start":{"line":41,"column":4},"end":{"line":41,"column":72}},"17":{"start":{"line":50,"column":4},"end":{"line":50,"column":95}},"18":{"start":{"line":59,"column":4},"end":{"line":59,"column":75}},"19":{"start":{"line":15,"column":13},"end":{"line":15,"column":30}},"20":{"start":{"line":23,"column":8},"end":{"line":33,"column":null}},"21":{"start":{"line":37,"column":8},"end":{"line":42,"column":null}},"22":{"start":{"line":46,"column":8},"end":{"line":51,"column":null}},"23":{"start":{"line":55,"column":8},"end":{"line":60,"column":null}},"24":{"start":{"line":15,"column":13},"end":{"line":61,"column":null}}},"fnMap":{"0":{"name":"(anonymous_4)","decl":{"start":{"line":16,"column":2},"end":{"line":16,"column":31}},"loc":{"start":{"line":16,"column":61},"end":{"line":16,"column":65}}},"1":{"name":"(anonymous_5)","decl":{"start":{"line":23,"column":8},"end":{"line":23,"column":20}},"loc":{"start":{"line":26,"column":28},"end":{"line":33,"column":3}}},"2":{"name":"(anonymous_6)","decl":{"start":{"line":37,"column":8},"end":{"line":37,"column":15}},"loc":{"start":{"line":39,"column":28},"end":{"line":42,"column":3}}},"3":{"name":"(anonymous_7)","decl":{"start":{"line":46,"column":8},"end":{"line":46,"column":25}},"loc":{"start":{"line":48,"column":28},"end":{"line":51,"column":3}}},"4":{"name":"(anonymous_8)","decl":{"start":{"line":55,"column":8},"end":{"line":55,"column":20}},"loc":{"start":{"line":57,"column":28},"end":{"line":60,"column":3}}}},"branchMap":{"0":{"loc":{"start":{"line":28,"column":4},"end":{"line":30,"column":5}},"type":"if","locations":[{"start":{"line":28,"column":4},"end":{"line":30,"column":5}},{"start":{},"end":{}}]},"1":{"loc":{"start":{"line":24,"column":26},"end":{"line":24,"column":null}},"type":"cond-expr","locations":[{"start":{"line":24,"column":45},"end":{"line":24,"column":null}},{"start":{"line":24,"column":45},"end":{"line":24,"column":null}}]},"2":{"loc":{"start":{"line":24,"column":26},"end":{"line":24,"column":45}},"type":"binary-expr","locations":[{"start":{"line":24,"column":26},"end":{"line":24,"column":34}},{"start":{"line":24,"column":33},"end":{"line":24,"column":41}},{"start":{"line":24,"column":40},"end":{"line":24,"column":45}}]},"3":{"loc":{"start":{"line":24,"column":45},"end":{"line":25,"column":null}},"type":"cond-expr","locations":[{"start":{"line":25,"column":39},"end":{"line":25,"column":null}},{"start":{"line":25,"column":39},"end":{"line":25,"column":null}}]},"4":{"loc":{"start":{"line":24,"column":45},"end":{"line":25,"column":39}},"type":"binary-expr","locations":[{"start":{"line":24,"column":45},"end":{"line":25,"column":null}},{"start":{"line":25,"column":17},"end":{"line":25,"column":39}}]},"5":{"loc":{"start":{"line":25,"column":39},"end":{"line":26,"column":null}},"type":"cond-expr","locations":[{"start":{"line":26,"column":28},"end":{"line":26,"column":null}},{"start":{"line":26,"column":28},"end":{"line":26,"column":null}}]},"6":{"loc":{"start":{"line":25,"column":39},"end":{"line":26,"column":28}},"type":"binary-expr","locations":[{"start":{"line":25,"column":39},"end":{"line":26,"column":null}},{"start":{"line":26,"column":21},"end":{"line":26,"column":28}}]},"7":{"loc":{"start":{"line":39,"column":21},"end":{"line":39,"column":null}},"type":"cond-expr","locations":[{"start":{"line":39,"column":28},"end":{"line":39,"column":null}},{"start":{"line":39,"column":28},"end":{"line":39,"column":null}}]},"8":{"loc":{"start":{"line":39,"column":21},"end":{"line":39,"column":28}},"type":"binary-expr","locations":[{"start":{"line":39,"column":21},"end":{"line":39,"column":null}},{"start":{"line":39,"column":21},"end":{"line":39,"column":28}}]},"9":{"loc":{"start":{"line":48,"column":21},"end":{"line":48,"column":null}},"type":"cond-expr","locations":[{"start":{"line":48,"column":28},"end":{"line":48,"column":null}},{"start":{"line":48,"column":28},"end":{"line":48,"column":null}}]},"10":{"loc":{"start":{"line":48,"column":21},"end":{"line":48,"column":28}},"type":"binary-expr","locations":[{"start":{"line":48,"column":21},"end":{"line":48,"column":null}},{"start":{"line":48,"column":21},"end":{"line":48,"column":28}}]},"11":{"loc":{"start":{"line":57,"column":21},"end":{"line":57,"column":null}},"type":"cond-expr","locations":[{"start":{"line":57,"column":28},"end":{"line":57,"column":null}},{"start":{"line":57,"column":28},"end":{"line":57,"column":null}}]},"12":{"loc":{"start":{"line":57,"column":21},"end":{"line":57,"column":28}},"type":"binary-expr","locations":[{"start":{"line":57,"column":21},"end":{"line":57,"column":null}},{"start":{"line":57,"column":21},"end":{"line":57,"column":28}}]},"13":{"loc":{"start":{"line":16,"column":47},"end":{"line":16,"column":64}},"type":"cond-expr","locations":[{"start":{"line":16,"column":61},"end":{"line":16,"column":64}},{"start":{"line":16,"column":61},"end":{"line":16,"column":64}}]},"14":{"loc":{"start":{"line":16,"column":47},"end":{"line":16,"column":61}},"type":"binary-expr","locations":[{"start":{"line":16,"column":47},"end":{"line":16,"column":64}},{"start":{"line":16,"column":47},"end":{"line":16,"column":61}}]}},"s":{"0":1,"1":1,"2":1,"3":1,"4":1,"5":1,"6":1,"7":1,"8":1,"9":1,"10":1,"11":1,"12":1,"13":4,"14":1,"15":3,"16":5,"17":1,"18":0,"19":1,"20":1,"21":1,"22":1,"23":1,"24":1},"f":{"0":1,"1":4,"2":5,"3":1,"4":0},"b":{"0":[1,3],"1":[0,1],"2":[1,0,0],"3":[1,0],"4":[1,1],"5":[0,1],"6":[1,0],"7":[0,1],"8":[1,0],"9":[0,1],"10":[1,0],"11":[0,1],"12":[1,0],"13":[1,0],"14":[1,1]}}
,"/Volumes/Mac HD Data/INFORMATIKA/SEMESTER 5/PBKK/x02-final-project-Sh3nm/backend/src/records/records.service.ts": {"path":"/Volumes/Mac HD Data/INFORMATIKA/SEMESTER 5/PBKK/x02-final-project-Sh3nm/backend/src/records/records.service.ts","statementMap":{"0":{"start":{"line":1,"column":0},"end":{"line":1,"column":83}},"1":{"start":{"line":2,"column":0},"end":{"line":2,"column":50}},"2":{"start":{"line":5,"column":0},"end":{"line":5,"column":25}},"3":{"start":{"line":8,"column":7},"end":{"line":134,"column":null}},"4":{"start":{"line":9,"column":22},"end":{"line":9,"column":30}},"5":{"start":{"line":16,"column":22},"end":{"line":16,"column":25}},"6":{"start":{"line":17,"column":26},"end":{"line":17,"column":51}},"7":{"start":{"line":18,"column":4},"end":{"line":21,"column":5}},"8":{"start":{"line":19,"column":6},"end":{"line":19,"column":31}},"9":{"start":{"line":20,"column":6},"end":{"line":20,"column":65}},"10":{"start":{"line":24,"column":24},"end":{"line":27,"column":6}},"11":{"start":{"line":29,"column":4},"end":{"line":32,"column":5}},"12":{"start":{"line":30,"column":6},"end":{"line":30,"column":31}},"13":{"start":{"line":31,"column":6},"end":{"line":31,"column":65}},"14":{"start":{"line":34,"column":4},"end":{"line":37,"column":5}},"15":{"start":{"line":35,"column":8},"end":{"line":35,"column":33}},"16":{"start":{"line":36,"column":8},"end":{"line":36,"column":103}},"17":{"start":{"line":40,"column":4},"end":{"line":49,"column":7}},"18":{"start":{"line":53,"column":19},"end":{"line":55,"column":6}},"19":{"start":{"line":57,"column":4},"end":{"line":59,"column":5}},"20":{"start":{"line":58,"column":6},"end":{"line":58,"column":66}},"21":{"start":{"line":61,"column":20},"end":{"line":61,"column":44}},"22":{"start":{"line":63,"column":4},"end":{"line":65,"column":5}},"23":{"start":{"line":64,"column":6},"end":{"line":64,"column":84}},"24":{"start":{"line":67,"column":40},"end":{"line":67,"column":46}},"25":{"start":{"line":68,"column":4},"end":{"line":68,"column":22}},"26":{"start":{"line":73,"column":24},"end":{"line":76,"column":6}},"27":{"start":{"line":78,"column":4},"end":{"line":80,"column":5}},"28":{"start":{"line":79,"column":6},"end":{"line":79,"column":65}},"29":{"start":{"line":83,"column":4},"end":{"line":85,"column":5}},"30":{"start":{"line":84,"column":6},"end":{"line":84,"column":81}},"31":{"start":{"line":88,"column":4},"end":{"line":90,"column":5}},"32":{"start":{"line":89,"column":6},"end":{"line":89,"column":81}},"33":{"start":{"line":92,"column":19},"end":{"line":94,"column":6}},"34":{"start":{"line":96,"column":4},"end":{"line":98,"column":5}},"35":{"start":{"line":97,"column":6},"end":{"line":97,"column":18}},"36":{"start":{"line":100,"column":40},"end":{"line":100,"column":46}},"37":{"start":{"line":101,"column":4},"end":{"line":101,"column":22}},"38":{"start":{"line":105,"column":19},"end":{"line":112,"column":6}},"39":{"start":{"line":114,"column":4},"end":{"line":116,"column":5}},"40":{"start":{"line":115,"column":6},"end":{"line":115,"column":66}},"41":{"start":{"line":119,"column":20},"end":{"line":119,"column":44}},"42":{"start":{"line":120,"column":21},"end":{"line":120,"column":80}},"43":{"start":{"line":121,"column":20},"end":{"line":121,"column":36}},"44":{"start":{"line":123,"column":4},"end":{"line":125,"column":5}},"45":{"start":{"line":124,"column":6},"end":{"line":124,"column":77}},"46":{"start":{"line":128,"column":4},"end":{"line":132,"column":6}},"47":{"start":{"line":8,"column":13},"end":{"line":8,"column":27}},"48":{"start":{"line":8,"column":13},"end":{"line":134,"column":null}}},"fnMap":{"0":{"name":"(anonymous_11)","decl":{"start":{"line":9,"column":2},"end":{"line":9,"column":22}},"loc":{"start":{"line":9,"column":43},"end":{"line":9,"column":47}}},"1":{"name":"(anonymous_12)","decl":{"start":{"line":11,"column":2},"end":{"line":11,"column":7}},"loc":{"start":{"line":14,"column":31},"end":{"line":50,"column":3}}},"2":{"name":"(anonymous_13)","decl":{"start":{"line":52,"column":2},"end":{"line":52,"column":7}},"loc":{"start":{"line":52,"column":60},"end":{"line":69,"column":3}}},"3":{"name":"(anonymous_14)","decl":{"start":{"line":71,"column":2},"end":{"line":71,"column":7}},"loc":{"start":{"line":71,"column":77},"end":{"line":102,"column":3}}},"4":{"name":"(anonymous_15)","decl":{"start":{"line":104,"column":2},"end":{"line":104,"column":7}},"loc":{"start":{"line":104,"column":63},"end":{"line":133,"column":3}}}},"branchMap":{"0":{"loc":{"start":{"line":18,"column":4},"end":{"line":21,"column":5}},"type":"if","locations":[{"start":{"line":18,"column":4},"end":{"line":21,"column":5}},{"start":{},"end":{}}]},"1":{"loc":{"start":{"line":29,"column":4},"end":{"line":32,"column":5}},"type":"if","locations":[{"start":{"line":29,"column":4},"end":{"line":32,"column":5}},{"start":{},"end":{}}]},"2":{"loc":{"start":{"line":34,"column":4},"end":{"line":37,"column":5}},"type":"if","locations":[{"start":{"line":34,"column":4},"end":{"line":37,"column":5}},{"start":{},"end":{}}]},"3":{"loc":{"start":{"line":57,"column":4},"end":{"line":59,"column":5}},"type":"if","locations":[{"start":{"line":57,"column":4},"end":{"line":59,"column":5}},{"start":{},"end":{}}]},"4":{"loc":{"start":{"line":63,"column":4},"end":{"line":65,"column":5}},"type":"if","locations":[{"start":{"line":63,"column":4},"end":{"line":65,"column":5}},{"start":{},"end":{}}]},"5":{"loc":{"start":{"line":78,"column":4},"end":{"line":80,"column":5}},"type":"if","locations":[{"start":{"line":78,"column":4},"end":{"line":80,"column":5}},{"start":{},"end":{}}]},"6":{"loc":{"start":{"line":83,"column":4},"end":{"line":85,"column":5}},"type":"if","locations":[{"start":{"line":83,"column":4},"end":{"line":85,"column":5}},{"start":{},"end":{}}]},"7":{"loc":{"start":{"line":83,"column":8},"end":{"line":83,"column":59}},"type":"binary-expr","locations":[{"start":{"line":83,"column":8},"end":{"line":83,"column":26}},{"start":{"line":83,"column":30},"end":{"line":83,"column":59}}]},"8":{"loc":{"start":{"line":88,"column":4},"end":{"line":90,"column":5}},"type":"if","locations":[{"start":{"line":88,"column":4},"end":{"line":90,"column":5}},{"start":{},"end":{}}]},"9":{"loc":{"start":{"line":88,"column":8},"end":{"line":88,"column":60}},"type":"binary-expr","locations":[{"start":{"line":88,"column":8},"end":{"line":88,"column":25}},{"start":{"line":88,"column":29},"end":{"line":88,"column":60}}]},"10":{"loc":{"start":{"line":96,"column":4},"end":{"line":98,"column":5}},"type":"if","locations":[{"start":{"line":96,"column":4},"end":{"line":98,"column":5}},{"start":{},"end":{}}]},"11":{"loc":{"start":{"line":114,"column":4},"end":{"line":116,"column":5}},"type":"if","locations":[{"start":{"line":114,"column":4},"end":{"line":116,"column":5}},{"start":{},"end":{}}]},"12":{"loc":{"start":{"line":120,"column":21},"end":{"line":120,"column":80}},"type":"binary-expr","locations":[{"start":{"line":120,"column":21},"end":{"line":120,"column":38}},{"start":{"line":120,"column":42},"end":{"line":120,"column":80}}]},"13":{"loc":{"start":{"line":123,"column":4},"end":{"line":125,"column":5}},"type":"if","locations":[{"start":{"line":123,"column":4},"end":{"line":125,"column":5}},{"start":{},"end":{}}]},"14":{"loc":{"start":{"line":123,"column":8},"end":{"line":123,"column":41}},"type":"binary-expr","locations":[{"start":{"line":123,"column":8},"end":{"line":123,"column":16}},{"start":{"line":123,"column":20},"end":{"line":123,"column":29}},{"start":{"line":123,"column":33},"end":{"line":123,"column":41}}]},"15":{"loc":{"start":{"line":9,"column":30},"end":{"line":9,"column":46}},"type":"cond-expr","locations":[{"start":{"line":9,"column":43},"end":{"line":9,"column":46}},{"start":{"line":9,"column":43},"end":{"line":9,"column":46}}]},"16":{"loc":{"start":{"line":9,"column":30},"end":{"line":9,"column":43}},"type":"binary-expr","locations":[{"start":{"line":9,"column":30},"end":{"line":9,"column":46}},{"start":{"line":9,"column":30},"end":{"line":9,"column":43}}]}},"s":{"0":1,"1":1,"2":1,"3":1,"4":1,"5":3,"6":3,"7":3,"8":1,"9":1,"10":2,"11":2,"12":1,"13":1,"14":1,"15":0,"16":0,"17":1,"18":5,"19":5,"20":1,"21":4,"22":4,"23":2,"24":2,"25":2,"26":1,"27":1,"28":0,"29":1,"30":0,"31":1,"32":0,"33":1,"34":1,"35":0,"36":1,"37":1,"38":0,"39":0,"40":0,"41":0,"42":0,"43":0,"44":0,"45":0,"46":0,"47":1,"48":1},"f":{"0":1,"1":3,"2":5,"3":1,"4":0},"b":{"0":[1,2],"1":[1,1],"2":[0,1],"3":[1,4],"4":[2,2],"5":[0,1],"6":[0,1],"7":[1,1],"8":[0,1],"9":[1,0],"10":[0,1],"11":[0,0],"12":[0,0],"13":[0,0],"14":[0,0,0],"15":[1,0],"16":[1,1]}}
,"/Volumes/Mac HD Data/INFORMATIKA/SEMESTER 5/PBKK/x02-final-project-Sh3nm/backend/src/records/dto/create-medical-record.dto.ts": {"path":"/Volumes/Mac HD Data/INFORMATIKA/SEMESTER 5/PBKK/x02-final-project-Sh3nm/backend/src/records/dto/create-medical-record.dto.ts","statementMap":{"0":{"start":{"line":1,"column":0},"end":{"line":1,"column":77}},"1":{"start":{"line":3,"column":0},"end":{"line":3,"column":13}},"2":{"start":{"line":6,"column":4},"end":{"line":6,"column":null}},"3":{"start":{"line":10,"column":4},"end":{"line":10,"column":null}}},"fnMap":{},"branchMap":{},"s":{"0":1,"1":1,"2":1,"3":1},"f":{},"b":{}}
,"/Volumes/Mac HD Data/INFORMATIKA/SEMESTER 5/PBKK/x02-final-project-Sh3nm/backend/src/users/users.controller.ts": {"path":"/Volumes/Mac HD Data/INFORMATIKA/SEMESTER 5/PBKK/x02-final-project-Sh3nm/backend/src/users/users.controller.ts","statementMap":{"0":{"start":{"line":1,"column":0},"end":{"line":1,"column":90}},"1":{"start":{"line":2,"column":0},"end":{"line":2,"column":47}},"2":{"start":{"line":3,"column":0},"end":{"line":3,"column":54}},"3":{"start":{"line":4,"column":0},"end":{"line":4,"column":56}},"4":{"start":{"line":5,"column":0},"end":{"line":5,"column":54}},"5":{"start":{"line":9,"column":7},"end":{"line":36,"column":null}},"6":{"start":{"line":10,"column":31},"end":{"line":10,"column":45}},"7":{"start":{"line":17,"column":4},"end":{"line":17,"column":58}},"8":{"start":{"line":27,"column":4},"end":{"line":27,"column":72}},"9":{"start":{"line":34,"column":4},"end":{"line":34,"column":57}},"10":{"start":{"line":9,"column":13},"end":{"line":9,"column":28}},"11":{"start":{"line":15,"column":8},"end":{"line":18,"column":null}},"12":{"start":{"line":23,"column":8},"end":{"line":28,"column":null}},"13":{"start":{"line":33,"column":8},"end":{"line":35,"column":null}},"14":{"start":{"line":9,"column":13},"end":{"line":36,"column":null}}},"fnMap":{"0":{"name":"(anonymous_4)","decl":{"start":{"line":10,"column":2},"end":{"line":10,"column":31}},"loc":{"start":{"line":10,"column":57},"end":{"line":10,"column":61}}},"1":{"name":"(anonymous_5)","decl":{"start":{"line":15,"column":8},"end":{"line":15,"column":18}},"loc":{"start":{"line":15,"column":65},"end":{"line":18,"column":3}}},"2":{"name":"(anonymous_6)","decl":{"start":{"line":23,"column":8},"end":{"line":23,"column":21}},"loc":{"start":{"line":25,"column":40},"end":{"line":28,"column":3}}},"3":{"name":"(anonymous_7)","decl":{"start":{"line":33,"column":8},"end":{"line":33,"column":18}},"loc":{"start":{"line":33,"column":65},"end":{"line":35,"column":3}}}},"branchMap":{"0":{"loc":{"start":{"line":25,"column":27},"end":{"line":25,"column":null}},"type":"cond-expr","locations":[{"start":{"line":25,"column":40},"end":{"line":25,"column":null}},{"start":{"line":25,"column":40},"end":{"line":25,"column":null}}]},"1":{"loc":{"start":{"line":25,"column":27},"end":{"line":25,"column":40}},"type":"binary-expr","locations":[{"start":{"line":25,"column":27},"end":{"line":25,"column":null}},{"start":{"line":25,"column":27},"end":{"line":25,"column":40}}]},"2":{"loc":{"start":{"line":10,"column":45},"end":{"line":10,"column":60}},"type":"cond-expr","locations":[{"start":{"line":10,"column":57},"end":{"line":10,"column":60}},{"start":{"line":10,"column":57},"end":{"line":10,"column":60}}]},"3":{"loc":{"start":{"line":10,"column":45},"end":{"line":10,"column":57}},"type":"binary-expr","locations":[{"start":{"line":10,"column":45},"end":{"line":10,"column":60}},{"start":{"line":10,"column":45},"end":{"line":10,"column":57}}]}},"s":{"0":1,"1":1,"2":1,"3":1,"4":1,"5":1,"6":1,"7":4,"8":2,"9":4,"10":1,"11":1,"12":1,"13":1,"14":1},"f":{"0":1,"1":4,"2":2,"3":4},"b":{"0":[1,0],"1":[1,1],"2":[1,0],"3":[1,1]}}
,"/Volumes/Mac HD Data/INFORMATIKA/SEMESTER 5/PBKK/x02-final-project-Sh3nm/backend/src/users/users.service.ts": {"path":"/Volumes/Mac HD Data/INFORMATIKA/SEMESTER 5/PBKK/x02-final-project-Sh3nm/backend/src/users/users.service.ts","statementMap":{"0":{"start":{"line":1,"column":0},"end":{"line":1,"column":107}},"1":{"start":{"line":2,"column":0},"end":{"line":2,"column":50}},"2":{"start":{"line":4,"column":0},"end":{"line":4,"column":35}},"3":{"start":{"line":7,"column":7},"end":{"line":111,"column":null}},"4":{"start":{"line":8,"column":22},"end":{"line":8,"column":30}},"5":{"start":{"line":10,"column":4},"end":{"line":14,"column":5}},"6":{"start":{"line":11,"column":6},"end":{"line":11,"column":60}},"7":{"start":{"line":12,"column":11},"end":{"line":14,"column":5}},"8":{"start":{"line":13,"column":6},"end":{"line":13,"column":62}},"9":{"start":{"line":15,"column":4},"end":{"line":15,"column":16}},"10":{"start":{"line":20,"column":19},"end":{"line":20,"column":59}},"11":{"start":{"line":22,"column":6},"end":{"line":24,"column":7}},"12":{"start":{"line":23,"column":10},"end":{"line":23,"column":65}},"13":{"start":{"line":26,"column":54},"end":{"line":26,"column":58}},"14":{"start":{"line":27,"column":6},"end":{"line":27,"column":22}},"15":{"start":{"line":32,"column":47},"end":{"line":32,"column":57}},"16":{"start":{"line":33,"column":28},"end":{"line":33,"column":30}},"17":{"start":{"line":35,"column":17},"end":{"line":35,"column":57}},"18":{"start":{"line":37,"column":4},"end":{"line":39,"column":5}},"19":{"start":{"line":38,"column":8},"end":{"line":38,"column":63}},"20":{"start":{"line":42,"column":4},"end":{"line":44,"column":5}},"21":{"start":{"line":43,"column":6},"end":{"line":43,"column":31}},"22":{"start":{"line":47,"column":4},"end":{"line":61,"column":5}},"23":{"start":{"line":48,"column":6},"end":{"line":50,"column":7}},"24":{"start":{"line":49,"column":8},"end":{"line":49,"column":92}},"25":{"start":{"line":53,"column":30},"end":{"line":53,"column":78}},"26":{"start":{"line":54,"column":6},"end":{"line":56,"column":7}},"27":{"start":{"line":55,"column":8},"end":{"line":55,"column":70}},"28":{"start":{"line":59,"column":32},"end":{"line":59,"column":66}},"29":{"start":{"line":60,"column":6},"end":{"line":60,"column":48}},"30":{"start":{"line":64,"column":4},"end":{"line":66,"column":5}},"31":{"start":{"line":65,"column":8},"end":{"line":65,"column":20}},"32":{"start":{"line":69,"column":4},"end":{"line":83,"column":5}},"33":{"start":{"line":70,"column":28},"end":{"line":73,"column":10}},"34":{"start":{"line":74,"column":56},"end":{"line":74,"column":67}},"35":{"start":{"line":75,"column":8},"end":{"line":75,"column":24}},"36":{"start":{"line":76,"column":11},"end":{"line":83,"column":5}},"37":{"start":{"line":77,"column":31},"end":{"line":80,"column":11}},"38":{"start":{"line":81,"column":57},"end":{"line":81,"column":70}},"39":{"start":{"line":82,"column":9},"end":{"line":82,"column":25}},"40":{"start":{"line":85,"column":4},"end":{"line":85,"column":54}},"41":{"start":{"line":90,"column":17},"end":{"line":90,"column":61}},"42":{"start":{"line":92,"column":4},"end":{"line":94,"column":5}},"43":{"start":{"line":93,"column":6},"end":{"line":93,"column":53}},"44":{"start":{"line":97,"column":4},"end":{"line":107,"column":5}},"45":{"start":{"line":98,"column":6},"end":{"line":100,"column":9}},"46":{"start":{"line":101,"column":11},"end":{"line":107,"column":5}},"47":{"start":{"line":102,"column":6},"end":{"line":104,"column":9}},"48":{"start":{"line":106,"column":6},"end":{"line":106,"column":53}},"49":{"start":{"line":109,"column":4},"end":{"line":109,"column":56}},"50":{"start":{"line":7,"column":13},"end":{"line":7,"column":25}},"51":{"start":{"line":7,"column":13},"end":{"line":111,"column":null}}},"fnMap":{"0":{"name":"(anonymous_11)","decl":{"start":{"line":8,"column":2},"end":{"line":8,"column":22}},"loc":{"start":{"line":8,"column":43},"end":{"line":8,"column":47}}},"1":{"name":"(anonymous_12)","decl":{"start":{"line":9,"column":10},"end":{"line":9,"column":15}},"loc":{"start":{"line":9,"column":60},"end":{"line":16,"column":3}}},"2":{"name":"(anonymous_13)","decl":{"start":{"line":19,"column":2},"end":{"line":19,"column":7}},"loc":{"start":{"line":19,"column":40},"end":{"line":28,"column":3}}},"3":{"name":"(anonymous_14)","decl":{"start":{"line":31,"column":2},"end":{"line":31,"column":7}},"loc":{"start":{"line":31,"column":66},"end":{"line":86,"column":3}}},"4":{"name":"(anonymous_15)","decl":{"start":{"line":88,"column":2},"end":{"line":88,"column":7}},"loc":{"start":{"line":88,"column":43},"end":{"line":110,"column":3}}}},"branchMap":{"0":{"loc":{"start":{"line":10,"column":4},"end":{"line":14,"column":5}},"type":"if","locations":[{"start":{"line":10,"column":4},"end":{"line":14,"column":5}},{"start":{"line":12,"column":11},"end":{"line":14,"column":5}}]},"1":{"loc":{"start":{"line":12,"column":11},"end":{"line":14,"column":5}},"type":"if","locations":[{"start":{"line":12,"column":11},"end":{"line":14,"column":5}},{"start":{},"end":{}}]},"2":{"loc":{"start":{"line":22,"column":6},"end":{"line":24,"column":7}},"type":"if","locations":[{"start":{"line":22,"column":6},"end":{"line":24,"column":7}},{"start":{},"end":{}}]},"3":{"loc":{"start":{"line":37,"column":4},"end":{"line":39,"column":5}},"type":"if","locations":[{"start":{"line":37,"column":4},"end":{"line":39,"column":5}},{"start":{},"end":{}}]},"4":{"loc":{"start":{"line":42,"column":4},"end":{"line":44,"column":5}},"type":"if","locations":[{"start":{"line":42,"column":4},"end":{"line":44,"column":5}},{"start":{},"end":{}}]},"5":{"loc":{"start":{"line":47,"column":4},"end":{"line":61,"column":5}},"type":"if","locations":[{"start":{"line":47,"column":4},"end":{"line":61,"column":5}},{"start":{},"end":{}}]},"6":{"loc":{"start":{"line":48,"column":6},"end":{"line":50,"column":7}},"type":"if","locations":[{"start":{"line":48,"column":6},"end":{"line":50,"column":7}},{"start":{},"end":{}}]},"7":{"loc":{"start":{"line":54,"column":6},"end":{"line":56,"column":7}},"type":"if","locations":[{"start":{"line":54,"column":6},"end":{"line":56,"column":7}},{"start":{},"end":{}}]},"8":{"loc":{"start":{"line":64,"column":4},"end":{"line":66,"column":5}},"type":"if","locations":[{"start":{"line":64,"column":4},"end":{"line":66,"column":5}},{"start":{},"end":{}}]},"9":{"loc":{"start":{"line":69,"column":4},"end":{"line":83,"column":5}},"type":"if","locations":[{"start":{"line":69,"column":4},"end":{"line":83,"column":5}},{"start":{"line":76,"column":11},"end":{"line":83,"column":5}}]},"10":{"loc":{"start":{"line":69,"column":8},"end":{"line":69,"column":46}},"type":"binary-expr","locations":[{"start":{"line":69,"column":8},"end":{"line":69,"column":26}},{"start":{"line":69,"column":30},"end":{"line":69,"column":46}}]},"11":{"loc":{"start":{"line":76,"column":11},"end":{"line":83,"column":5}},"type":"if","locations":[{"start":{"line":76,"column":11},"end":{"line":83,"column":5}},{"start":{},"end":{}}]},"12":{"loc":{"start":{"line":92,"column":4},"end":{"line":94,"column":5}},"type":"if","locations":[{"start":{"line":92,"column":4},"end":{"line":94,"column":5}},{"start":{},"end":{}}]},"13":{"loc":{"start":{"line":97,"column":4},"end":{"line":107,"column":5}},"type":"if","locations":[{"start":{"line":97,"column":4},"end":{"line":107,"column":5}},{"start":{"line":101,"column":11},"end":{"line":107,"column":5}}]},"14":{"loc":{"start":{"line":97,"column":8},"end":{"line":97,"column":46}},"type":"binary-expr","locations":[{"start":{"line":97,"column":8},"end":{"line":97,"column":26}},{"start":{"line":97,"column":30},"end":{"line":97,"column":46}}]},"15":{"loc":{"start":{"line":101,"column":11},"end":{"line":107,"column":5}},"type":"if","locations":[{"start":{"line":101,"column":11},"end":{"line":107,"column":5}},{"start":{"line":105,"column":11},"end":{"line":107,"column":5}}]},"16":{"loc":{"start":{"line":8,"column":30},"end":{"line":8,"column":46}},"type":"cond-expr","locations":[{"start":{"line":8,"column":43},"end":{"line":8,"column":46}},{"start":{"line":8,"column":43},"end":{"line":8,"column":46}}]},"17":{"loc":{"start":{"line":8,"column":30},"end":{"line":8,"column":43}},"type":"binary-expr","locations":[{"start":{"line":8,"column":30},"end":{"line":8,"column":46}},{"start":{"line":8,"column":30},"end":{"line":8,"column":43}}]}},"s":{"0":1,"1":1,"2":1,"3":1,"4":1,"5":10,"6":7,"7":3,"8":3,"9":0,"10":4,"11":4,"12":0,"13":4,"14":4,"15":2,"16":2,"17":2,"18":2,"19":0,"20":2,"21":1,"22":2,"23":0,"24":0,"25":0,"26":0,"27":0,"28":0,"29":0,"30":2,"31":1,"32":1,"33":1,"34":1,"35":1,"36":0,"37":0,"38":0,"39":0,"40":0,"41":4,"42":4,"43":0,"44":4,"45":2,"46":2,"47":2,"48":0,"49":4,"50":1,"51":1},"f":{"0":1,"1":10,"2":4,"3":2,"4":4},"b":{"0":[7,3],"1":[3,0],"2":[0,4],"3":[0,2],"4":[1,1],"5":[0,2],"6":[0,0],"7":[0,0],"8":[1,1],"9":[1,0],"10":[1,0],"11":[0,0],"12":[0,4],"13":[2,2],"14":[4,2],"15":[2,0],"16":[1,0],"17":[1,1]}}
,"/Volumes/Mac HD Data/INFORMATIKA/SEMESTER 5/PBKK/x02-final-project-Sh3nm/backend/src/users/dto/update-user.dto.ts": {"path":"/Volumes/Mac HD Data/INFORMATIKA/SEMESTER 5/PBKK/x02-final-project-Sh3nm/backend/src/users/dto/update-user.dto.ts","statementMap":{"0":{"start":{"line":1,"column":0},"end":{"line":1,"column":66}},"1":{"start":{"line":3,"column":0},"end":{"line":3,"column":13}},"2":{"start":{"line":6,"column":2},"end":{"line":6,"column":null}},"3":{"start":{"line":10,"column":2},"end":{"line":10,"column":null}},"4":{"start":{"line":14,"column":2},"end":{"line":14,"column":null}}},"fnMap":{},"branchMap":{},"s":{"0":1,"1":1,"2":1,"3":1,"4":1},"f":{},"b":{}}
}
