TN:
SF:src/app.controller.ts
FN:6,(anonymous_2)
FN:9,(anonymous_3)
FNF:2
FNH:1
FNDA:1,(anonymous_2)
FNDA:0,(anonymous_3)
DA:1,1
DA:2,1
DA:5,1
DA:6,1
DA:9,1
DA:10,0
LF:6
LH:5
BRDA:6,0,0,1
BRDA:6,0,1,0
BRDA:6,1,0,1
BRDA:6,1,1,1
BRF:4
BRH:3
end_of_record
TN:
SF:src/app.service.ts
FN:5,(anonymous_1)
FNF:1
FNH:0
FNDA:0,(anonymous_1)
DA:1,1
DA:4,1
DA:6,0
LF:3
LH:2
BRF:0
BRH:0
end_of_record
TN:
SF:src/prisma.service.ts
FN:8,(anonymous_2)
FN:24,(anonymous_3)
FN:28,(anonymous_4)
FNF:3
FNH:3
FNDA:5,(anonymous_2)
FNDA:5,(anonymous_3)
FNDA:5,(anonymous_4)
DA:1,1
DA:2,1
DA:3,1
DA:4,1
DA:7,1
DA:9,5
DA:17,5
DA:18,5
DA:25,5
DA:29,5
LF:10
LH:10
BRF:0
BRH:0
end_of_record
TN:
SF:src/appointments/appointments.controller.ts
FN:15,(anonymous_4)
FN:22,(anonymous_5)
FN:32,(anonymous_6)
FN:41,(anonymous_7)
FN:55,(anonymous_8)
FN:68,(anonymous_9)
FNF:6
FNH:6
FNDA:1,(anonymous_4)
FNDA:11,(anonymous_5)
FNDA:1,(anonymous_6)
FNDA:1,(anonymous_7)
FNDA:7,(anonymous_8)
FNDA:1,(anonymous_9)
DA:1,1
DA:2,1
DA:3,1
DA:4,1
DA:5,1
DA:6,1
DA:7,1
DA:8,1
DA:9,1
DA:10,1
DA:14,1
DA:15,1
DA:22,1
DA:23,11
DA:32,1
DA:33,1
DA:41,1
DA:43,1
DA:44,1
DA:47,0
DA:55,1
DA:60,7
DA:68,1
DA:72,1
LF:24
LH:23
BRDA:43,0,0,1
BRDA:43,0,1,0
BRDA:22,1,0,0
BRDA:22,1,1,1
BRDA:22,2,0,1
BRDA:22,2,1,0
BRDA:22,3,0,1
BRDA:22,3,1,0
BRDA:22,4,0,1
BRDA:22,4,1,1
BRDA:32,5,0,0
BRDA:32,5,1,1
BRDA:32,6,0,1
BRDA:32,6,1,0
BRDA:41,7,0,0
BRDA:41,7,1,1
BRDA:41,8,0,1
BRDA:41,8,1,0
BRDA:57,9,0,0
BRDA:57,9,1,1
BRDA:57,10,0,1
BRDA:57,10,1,0
BRDA:57,11,0,1
BRDA:57,11,1,0
BRDA:57,12,0,1
BRDA:57,12,1,1
BRDA:70,13,0,0
BRDA:70,13,1,1
BRDA:70,14,0,1
BRDA:70,14,1,0
BRDA:15,15,0,1
BRDA:15,15,1,0
BRDA:15,16,0,1
BRDA:15,16,1,1
BRF:34
BRH:20
end_of_record
TN:
SF:src/appointments/appointments.service.ts
FN:10,(anonymous_2)
FN:16,(anonymous_3)
FN:84,(anonymous_4)
FN:93,(anonymous_5)
FN:102,(anonymous_6)
FN:131,(anonymous_7)
FNF:6
FNH:6
FNDA:1,(anonymous_2)
FNDA:11,(anonymous_3)
FNDA:1,(anonymous_4)
FNDA:1,(anonymous_5)
FNDA:7,(anonymous_6)
FNDA:1,(anonymous_7)
DA:1,1
DA:2,1
DA:5,1
DA:6,1
DA:9,1
DA:11,1
DA:12,1
DA:17,11
DA:20,11
DA:23,11
DA:28,11
DA:29,0
DA:31,11
DA:32,1
DA:38,10
DA:39,1
DA:43,9
DA:52,8
DA:53,0
DA:59,8
DA:73,8
DA:80,8
DA:85,1
DA:94,1
DA:108,7
DA:109,0
DA:112,7
DA:116,7
DA:117,0
DA:120,7
DA:121,2
DA:124,5
DA:135,1
DA:139,1
DA:140,0
DA:144,1
DA:145,0
DA:149,1
DA:150,1
DA:154,0
DA:155,0
DA:156,0
DA:157,0
DA:159,0
DA:160,0
DA:165,0
LF:46
LH:33
BRDA:28,0,0,0
BRDA:28,0,1,11
BRDA:31,1,0,1
BRDA:31,1,1,10
BRDA:38,2,0,1
BRDA:38,2,1,9
BRDA:52,3,0,0
BRDA:52,3,1,8
BRDA:108,4,0,0
BRDA:108,4,1,7
BRDA:108,5,0,7
BRDA:108,5,1,0
BRDA:116,6,0,0
BRDA:116,6,1,7
BRDA:120,7,0,2
BRDA:120,7,1,5
BRDA:120,8,0,7
BRDA:120,8,1,5
BRDA:139,9,0,0
BRDA:139,9,1,1
BRDA:144,10,0,0
BRDA:144,10,1,1
BRDA:149,11,0,1
BRDA:149,11,1,0
BRDA:159,12,0,0
BRDA:159,12,1,0
BRDA:11,13,0,1
BRDA:11,13,1,0
BRDA:11,14,0,1
BRDA:11,14,1,1
BRDA:11,15,0,1
BRDA:11,15,1,0
BRDA:11,16,0,1
BRDA:11,16,1,1
BRF:34
BRH:22
end_of_record
TN:
SF:src/appointments/dto/create-appointment.dto.ts
FNF:0
FNH:0
DA:1,1
DA:3,1
DA:6,1
DA:10,1
LF:4
LH:4
BRF:0
BRH:0
end_of_record
TN:
SF:src/appointments/dto/update-status.dto.ts
FNF:0
FNH:0
DA:1,1
DA:2,1
DA:4,1
DA:7,1
LF:4
LH:4
BRDA:7,0,0,0
BRDA:7,0,1,1
BRDA:7,1,0,1
BRDA:7,1,1,1
BRF:4
BRH:3
end_of_record
TN:
SF:src/auth/auth.controller.ts
FN:14,(anonymous_4)
FN:17,(anonymous_5)
FN:26,(anonymous_6)
FN:35,(anonymous_7)
FN:44,(anonymous_8)
FN:54,(anonymous_9)
FNF:6
FNH:5
FNDA:1,(anonymous_4)
FNDA:5,(anonymous_5)
FNDA:3,(anonymous_6)
FNDA:4,(anonymous_7)
FNDA:2,(anonymous_8)
FNDA:0,(anonymous_9)
DA:1,1
DA:2,1
DA:3,1
DA:4,1
DA:6,1
DA:7,1
DA:8,1
DA:9,1
DA:13,1
DA:14,1
DA:17,1
DA:18,5
DA:19,5
DA:21,1
DA:26,1
DA:27,3
DA:28,3
DA:30,1
DA:35,1
DA:36,4
DA:37,4
DA:39,2
DA:44,1
DA:45,2
DA:46,2
DA:48,2
DA:54,1
DA:55,0
DA:56,0
DA:58,0
LF:30
LH:27
BRDA:17,0,0,1
BRDA:17,0,1,0
BRDA:17,1,0,1
BRDA:17,1,1,1
BRDA:26,2,0,1
BRDA:26,2,1,0
BRDA:26,3,0,1
BRDA:26,3,1,1
BRDA:35,4,0,1
BRDA:35,4,1,0
BRDA:35,5,0,1
BRDA:35,5,1,1
BRDA:44,6,0,1
BRDA:44,6,1,0
BRDA:44,7,0,1
BRDA:44,7,1,1
BRDA:14,8,0,1
BRDA:14,8,1,0
BRDA:14,9,0,1
BRDA:14,9,1,1
BRF:20
BRH:15
end_of_record
TN:
SF:src/auth/auth.service.ts
FN:13,(anonymous_11)
FN:19,(anonymous_12)
FN:32,(anonymous_13)
FN:48,(anonymous_14)
FN:65,(anonymous_15)
FN:87,(anonymous_16)
FN:108,(anonymous_17)
FN:130,(anonymous_18)
FN:174,(anonymous_19)
FNF:9
FNH:8
FNDA:1,(anonymous_11)
FNDA:12,(anonymous_12)
FNDA:8,(anonymous_13)
FNDA:8,(anonymous_14)
FNDA:5,(anonymous_15)
FNDA:3,(anonymous_16)
FNDA:4,(anonymous_17)
FNDA:2,(anonymous_18)
FNDA:0,(anonymous_19)
DA:1,1
DA:2,1
DA:3,1
DA:4,1
DA:12,1
DA:14,1
DA:15,1
DA:21,12
DA:24,12
DA:25,9
DA:29,12
DA:33,8
DA:37,8
DA:41,8
DA:45,8
DA:49,8
DA:51,8
DA:52,5
DA:56,3
DA:57,3
DA:66,5
DA:68,5
DA:69,1
DA:72,4
DA:74,4
DA:78,4
DA:79,4
DA:81,4
DA:83,4
DA:88,3
DA:90,3
DA:91,1
DA:94,2
DA:96,2
DA:100,2
DA:101,2
DA:103,2
DA:105,2
DA:109,4
DA:112,4
DA:114,4
DA:115,2
DA:118,2
DA:119,2
DA:121,2
DA:123,2
DA:131,2
DA:133,2
DA:134,2
DA:142,0
DA:144,0
DA:145,0
DA:149,0
DA:154,0
DA:155,0
DA:159,0
DA:161,0
DA:163,0
DA:165,0
DA:170,2
DA:175,0
DA:177,0
LF:62
LH:50
BRDA:24,0,0,9
BRDA:24,0,1,3
BRDA:49,1,0,8
BRDA:49,1,1,0
BRDA:51,2,0,5
BRDA:51,2,1,3
BRDA:51,3,0,8
BRDA:51,3,1,3
BRDA:56,4,0,3
BRDA:56,4,1,0
BRDA:68,5,0,1
BRDA:68,5,1,4
BRDA:90,6,0,1
BRDA:90,6,1,2
BRDA:114,7,0,2
BRDA:114,7,1,2
BRDA:114,8,0,4
BRDA:114,8,1,3
BRDA:144,9,0,0
BRDA:144,9,1,0
BRDA:144,10,0,0
BRDA:144,10,1,0
BRDA:144,10,2,0
BRDA:154,11,0,0
BRDA:154,11,1,0
BRDA:14,12,0,1
BRDA:14,12,1,0
BRDA:14,13,0,1
BRDA:14,13,1,1
BRDA:14,14,0,1
BRDA:14,14,1,0
BRDA:14,15,0,1
BRDA:14,15,1,1
BRF:33
BRH:22
end_of_record
TN:
SF:src/auth/jwt-auth.guard.ts
FNF:0
FNH:0
DA:1,1
DA:2,1
DA:5,1
LF:3
LH:3
BRF:0
BRH:0
end_of_record
TN:
SF:src/auth/jwt.strategy.ts
FN:11,(anonymous_2)
FN:19,(anonymous_3)
FNF:2
FNH:2
FNDA:1,(anonymous_2)
FNDA:55,(anonymous_3)
DA:1,1
DA:2,1
DA:3,1
DA:4,1
DA:5,1
DA:6,1
DA:7,1
DA:10,1
DA:11,1
DA:12,1
DA:20,55
DA:21,55
DA:23,55
DA:24,0
DA:28,55
DA:30,55
DA:31,18
DA:39,37
DA:48,55
DA:49,1
DA:52,54
LF:21
LH:20
BRDA:15,0,0,1
BRDA:15,0,1,1
BRDA:23,1,0,0
BRDA:23,1,1,55
BRDA:30,2,0,18
BRDA:30,2,1,37
BRDA:48,3,0,1
BRDA:48,3,1,54
BRDA:11,4,0,1
BRDA:11,4,1,0
BRDA:11,5,0,1
BRDA:11,5,1,1
BRF:12
BRH:10
end_of_record
TN:
SF:src/auth/dto/jwt-payload.ts
FNF:0
FNH:0
DA:1,1
DA:2,1
DA:4,1
DA:7,1
DA:11,1
DA:14,1
LF:6
LH:6
BRDA:14,0,0,0
BRDA:14,0,1,1
BRDA:14,1,0,1
BRDA:14,1,1,1
BRF:4
BRH:3
end_of_record
TN:
SF:src/auth/dto/login.dto.ts
FNF:0
FNH:0
DA:1,1
DA:3,1
DA:5,1
DA:8,1
LF:4
LH:4
BRF:0
BRH:0
end_of_record
TN:
SF:src/auth/dto/refresh-token.dto.ts
FNF:0
FNH:0
DA:1,1
DA:3,1
DA:6,1
LF:3
LH:3
BRF:0
BRH:0
end_of_record
TN:
SF:src/auth/dto/register-doctor.dto.ts
FNF:0
FNH:0
DA:1,1
DA:3,1
DA:6,1
DA:9,1
DA:12,1
DA:16,1
LF:6
LH:6
BRF:0
BRH:0
end_of_record
TN:
SF:src/auth/dto/register-user.dto.ts
FNF:0
FNH:0
DA:1,1
DA:3,1
DA:6,1
DA:10,1
DA:13,1
LF:5
LH:5
BRF:0
BRH:0
end_of_record
TN:
SF:src/common/get-users.decorator.ts
FN:11,(anonymous_0)
FNF:1
FNH:1
FNDA:41,(anonymous_0)
DA:1,1
DA:10,1
DA:12,41
DA:14,41
DA:16,41
LF:5
LH:5
BRF:0
BRH:0
end_of_record
TN:
SF:src/common/prisma-error.handler.ts
FN:5,handlePrismaError
FNF:1
FNH:1
FNDA:6,handlePrismaError
DA:1,1
DA:3,1
DA:5,1
DA:6,6
DA:7,6
DA:10,0
DA:11,0
DA:13,0
DA:18,0
DA:20,0
DA:25,0
DA:32,0
DA:33,0
LF:13
LH:5
BRDA:6,0,0,6
BRDA:6,0,1,0
BRDA:10,1,0,0
BRDA:10,1,1,0
BRDA:11,2,0,0
BRDA:11,2,1,0
BRDA:11,2,2,0
BRDA:11,2,3,0
BRF:8
BRH:1
end_of_record
TN:
SF:src/common/roles.decorator.ts
FN:5,(anonymous_0)
FNF:1
FNH:1
FNDA:6,(anonymous_0)
DA:1,1
DA:4,1
DA:5,6
LF:3
LH:3
BRF:0
BRH:0
end_of_record
TN:
SF:src/common/roles.guard.ts
FN:8,(anonymous_2)
FN:10,(anonymous_3)
FN:31,(anonymous_4)
FNF:3
FNH:3
FNDA:2,(anonymous_2)
FNDA:28,(anonymous_3)
FNDA:29,(anonymous_4)
DA:1,1
DA:2,1
DA:4,1
DA:7,1
DA:8,2
DA:12,28
DA:18,28
DA:19,0
DA:23,28
DA:25,28
DA:27,0
DA:31,29
LF:12
LH:10
BRDA:18,0,0,0
BRDA:18,0,1,28
BRDA:25,1,0,0
BRDA:25,1,1,28
BRDA:25,2,0,28
BRDA:25,2,1,28
BRDA:8,3,0,1
BRDA:8,3,1,0
BRDA:8,4,0,1
BRDA:8,4,1,1
BRF:10
BRH:7
end_of_record
TN:
SF:src/common/test-db-helper.ts
FN:6,clearDatabase
FNF:1
FNH:1
FNDA:2,clearDatabase
DA:4,1
DA:6,1
DA:7,2
DA:10,2
DA:12,2
DA:14,2
DA:15,2
LF:7
LH:7
BRF:0
BRH:0
end_of_record
TN:
SF:src/config/mail.config.ts
FNF:0
FNH:0
DA:2,1
DA:4,1
LF:2
LH:2
BRF:0
BRH:0
end_of_record
TN:
SF:src/config/multer.config.ts
FN:14,(anonymous_0)
FN:22,(anonymous_1)
FNF:2
FNH:2
FNDA:3,(anonymous_0)
FNDA:3,(anonymous_1)
DA:1,1
DA:2,1
DA:4,1
DA:6,1
DA:15,3
DA:16,3
DA:17,3
DA:18,3
DA:23,3
DA:24,3
DA:26,0
LF:11
LH:10
BRDA:23,0,0,3
BRDA:23,0,1,0
BRF:2
BRH:1
end_of_record
TN:
SF:src/doctors/doctors.controller.ts
FN:12,(anonymous_4)
FN:16,(anonymous_5)
FN:22,(anonymous_6)
FN:28,(anonymous_7)
FNF:4
FNH:4
FNDA:1,(anonymous_4)
FNDA:3,(anonymous_5)
FNDA:3,(anonymous_6)
FNDA:3,(anonymous_7)
DA:1,1
DA:2,1
DA:3,1
DA:4,1
DA:11,1
DA:12,1
DA:16,1
DA:17,3
DA:22,1
DA:23,3
DA:28,1
DA:32,3
LF:12
LH:12
BRDA:30,0,0,1
BRDA:30,0,1,0
BRDA:30,1,0,1
BRDA:30,1,1,1
BRDA:12,2,0,1
BRDA:12,2,1,0
BRDA:12,3,0,1
BRDA:12,3,1,1
BRF:8
BRH:6
end_of_record
TN:
SF:src/doctors/doctors.service.ts
FN:7,(anonymous_2)
FN:10,(anonymous_3)
FN:24,(anonymous_4)
FN:43,(anonymous_5)
FNF:4
FNH:4
FNDA:1,(anonymous_2)
FNDA:3,(anonymous_3)
FNDA:3,(anonymous_4)
FNDA:3,(anonymous_5)
DA:1,1
DA:2,1
DA:6,1
DA:7,1
DA:11,3
DA:20,3
DA:25,3
DA:36,3
DA:37,2
DA:39,1
DA:44,3
DA:49,2
DA:50,2
LF:13
LH:13
BRDA:36,0,0,2
BRDA:36,0,1,1
BRDA:7,1,0,1
BRDA:7,1,1,0
BRDA:7,2,0,1
BRDA:7,2,1,1
BRF:6
BRH:5
end_of_record
TN:
SF:src/doctors/dto/update-doctor.dto.ts
FNF:0
FNH:0
DA:1,1
DA:3,1
DA:7,1
DA:12,1
LF:4
LH:4
BRF:0
BRH:0
end_of_record
TN:
SF:src/mail/mail.service.ts
FN:9,(anonymous_2)
FN:12,(anonymous_3)
FNF:2
FNH:2
FNDA:1,(anonymous_2)
FNDA:8,(anonymous_3)
DA:1,1
DA:2,1
DA:6,1
DA:7,1
DA:9,1
DA:18,8
DA:22,8
DA:23,8
DA:35,8
DA:37,0
LF:10
LH:9
BRDA:9,0,0,1
BRDA:9,0,1,0
BRDA:9,1,0,1
BRDA:9,1,1,1
BRF:4
BRH:3
end_of_record
TN:
SF:src/records/records.controller.ts
FN:16,(anonymous_4)
FN:23,(anonymous_5)
FN:37,(anonymous_6)
FN:46,(anonymous_7)
FN:55,(anonymous_8)
FNF:5
FNH:4
FNDA:1,(anonymous_4)
FNDA:4,(anonymous_5)
FNDA:5,(anonymous_6)
FNDA:1,(anonymous_7)
FNDA:0,(anonymous_8)
DA:1,1
DA:2,1
DA:3,1
DA:4,1
DA:5,1
DA:6,1
DA:7,1
DA:8,1
DA:9,1
DA:10,1
DA:11,1
DA:15,1
DA:16,1
DA:23,1
DA:28,4
DA:29,1
DA:32,3
DA:37,1
DA:41,5
DA:46,1
DA:50,1
DA:55,1
DA:59,0
LF:23
LH:22
BRDA:28,0,0,1
BRDA:28,0,1,3
BRDA:24,1,0,0
BRDA:24,1,1,1
BRDA:24,2,0,1
BRDA:24,2,1,0
BRDA:24,2,2,0
BRDA:24,3,0,1
BRDA:24,3,1,0
BRDA:24,4,0,1
BRDA:24,4,1,1
BRDA:25,5,0,0
BRDA:25,5,1,1
BRDA:25,6,0,1
BRDA:25,6,1,0
BRDA:39,7,0,0
BRDA:39,7,1,1
BRDA:39,8,0,1
BRDA:39,8,1,0
BRDA:48,9,0,0
BRDA:48,9,1,1
BRDA:48,10,0,1
BRDA:48,10,1,0
BRDA:57,11,0,0
BRDA:57,11,1,1
BRDA:57,12,0,1
BRDA:57,12,1,0
BRDA:16,13,0,1
BRDA:16,13,1,0
BRDA:16,14,0,1
BRDA:16,14,1,1
BRF:31
BRH:18
end_of_record
TN:
SF:src/records/records.service.ts
FN:9,(anonymous_11)
FN:11,(anonymous_12)
FN:52,(anonymous_13)
FN:71,(anonymous_14)
FN:104,(anonymous_15)
FNF:5
FNH:4
FNDA:1,(anonymous_11)
FNDA:3,(anonymous_12)
FNDA:5,(anonymous_13)
FNDA:1,(anonymous_14)
FNDA:0,(anonymous_15)
DA:1,1
DA:2,1
DA:5,1
DA:8,1
DA:9,1
DA:16,3
DA:17,3
DA:18,3
DA:19,1
DA:20,1
DA:24,2
DA:29,2
DA:30,1
DA:31,1
DA:34,1
DA:35,0
DA:36,0
DA:40,1
DA:53,5
DA:57,5
DA:58,1
DA:61,4
DA:63,4
DA:64,2
DA:67,2
DA:68,2
DA:73,1
DA:78,1
DA:79,0
DA:83,1
DA:84,0
DA:88,1
DA:89,0
DA:92,1
DA:96,1
DA:97,0
DA:100,1
DA:101,1
DA:105,0
DA:114,0
DA:115,0
DA:119,0
DA:120,0
DA:121,0
DA:123,0
DA:124,0
DA:128,0
LF:47
LH:32
BRDA:18,0,0,1
BRDA:18,0,1,2
BRDA:29,1,0,1
BRDA:29,1,1,1
BRDA:34,2,0,0
BRDA:34,2,1,1
BRDA:57,3,0,1
BRDA:57,3,1,4
BRDA:63,4,0,2
BRDA:63,4,1,2
BRDA:78,5,0,0
BRDA:78,5,1,1
BRDA:83,6,0,0
BRDA:83,6,1,1
BRDA:83,7,0,1
BRDA:83,7,1,1
BRDA:88,8,0,0
BRDA:88,8,1,1
BRDA:88,9,0,1
BRDA:88,9,1,0
BRDA:96,10,0,0
BRDA:96,10,1,1
BRDA:114,11,0,0
BRDA:114,11,1,0
BRDA:120,12,0,0
BRDA:120,12,1,0
BRDA:123,13,0,0
BRDA:123,13,1,0
BRDA:123,14,0,0
BRDA:123,14,1,0
BRDA:123,14,2,0
BRDA:9,15,0,1
BRDA:9,15,1,0
BRDA:9,16,0,1
BRDA:9,16,1,1
BRF:35
BRH:19
end_of_record
TN:
SF:src/records/dto/create-medical-record.dto.ts
FNF:0
FNH:0
DA:1,1
DA:3,1
DA:6,1
DA:10,1
LF:4
LH:4
BRF:0
BRH:0
end_of_record
TN:
SF:src/users/users.controller.ts
FN:10,(anonymous_4)
FN:15,(anonymous_5)
FN:23,(anonymous_6)
FN:33,(anonymous_7)
FNF:4
FNH:4
FNDA:1,(anonymous_4)
FNDA:4,(anonymous_5)
FNDA:2,(anonymous_6)
FNDA:4,(anonymous_7)
DA:1,1
DA:2,1
DA:3,1
DA:4,1
DA:5,1
DA:9,1
DA:10,1
DA:15,1
DA:17,4
DA:23,1
DA:27,2
DA:33,1
DA:34,4
LF:13
LH:13
BRDA:25,0,0,1
BRDA:25,0,1,0
BRDA:25,1,0,1
BRDA:25,1,1,1
BRDA:10,2,0,1
BRDA:10,2,1,0
BRDA:10,3,0,1
BRDA:10,3,1,1
BRF:8
BRH:6
end_of_record
TN:
SF:src/users/users.service.ts
FN:8,(anonymous_11)
FN:9,(anonymous_12)
FN:19,(anonymous_13)
FN:31,(anonymous_14)
FN:88,(anonymous_15)
FNF:5
FNH:5
FNDA:1,(anonymous_11)
FNDA:10,(anonymous_12)
FNDA:4,(anonymous_13)
FNDA:2,(anonymous_14)
FNDA:4,(anonymous_15)
DA:1,1
DA:2,1
DA:4,1
DA:7,1
DA:8,1
DA:10,10
DA:11,7
DA:12,3
DA:13,3
DA:15,0
DA:20,4
DA:22,4
DA:23,0
DA:26,4
DA:27,4
DA:32,2
DA:33,2
DA:35,2
DA:37,2
DA:38,0
DA:42,2
DA:43,1
DA:47,2
DA:48,0
DA:49,0
DA:53,0
DA:54,0
DA:55,0
DA:59,0
DA:60,0
DA:64,2
DA:65,1
DA:69,1
DA:70,1
DA:74,1
DA:75,1
DA:76,0
DA:77,0
DA:81,0
DA:82,0
DA:85,0
DA:90,4
DA:92,4
DA:93,0
DA:97,4
DA:98,2
DA:101,2
DA:102,2
DA:106,0
DA:109,4
LF:50
LH:33
BRDA:10,0,0,7
BRDA:10,0,1,3
BRDA:12,1,0,3
BRDA:12,1,1,0
BRDA:22,2,0,0
BRDA:22,2,1,4
BRDA:37,3,0,0
BRDA:37,3,1,2
BRDA:42,4,0,1
BRDA:42,4,1,1
BRDA:47,5,0,0
BRDA:47,5,1,2
BRDA:48,6,0,0
BRDA:48,6,1,0
BRDA:54,7,0,0
BRDA:54,7,1,0
BRDA:64,8,0,1
BRDA:64,8,1,1
BRDA:69,9,0,1
BRDA:69,9,1,0
BRDA:69,10,0,1
BRDA:69,10,1,0
BRDA:76,11,0,0
BRDA:76,11,1,0
BRDA:92,12,0,0
BRDA:92,12,1,4
BRDA:97,13,0,2
BRDA:97,13,1,2
BRDA:97,14,0,4
BRDA:97,14,1,2
BRDA:101,15,0,2
BRDA:101,15,1,0
BRDA:8,16,0,1
BRDA:8,16,1,0
BRDA:8,17,0,1
BRDA:8,17,1,1
BRF:36
BRH:21
end_of_record
TN:
SF:src/users/dto/update-user.dto.ts
FNF:0
FNH:0
DA:1,1
DA:3,1
DA:6,1
DA:10,1
DA:14,1
LF:5
LH:5
BRF:0
BRH:0
end_of_record
